<?xml version="1.0" encoding="utf-8"?><testsuites name="pytest tests"><testsuite name="pytest" errors="0" failures="0" skipped="0" tests="11" time="3.812" timestamp="2026-08-29T09:13:27.485645+00:00" hostname="agent-env-a778a06d-9ce8-45ab-be5d-235caae40879"><testcase classname="tests.test_iter14_operator_admin.TestPublicRegistration" name="test_register_endpoint_contract" time="0.812" /><testcase classname="tests.test_iter14_operator_admin.TestAdminCreatesOperator" name="test_create_and_new_operator_login" time="1.053" /><testcase classname="tests.test_iter14_operator_admin.TestAdminCreatesOperator" name="test_create_password_min_length" time="0.042" /><testcase classname="tests.test_iter14_operator_admin.TestAdminCreatesOperator" name="test_create_duplicate_email" time="0.044" /><testcase classname="tests.test_iter14_operator_admin.TestAdminCreatesOperator" name="test_non_admin_cannot_create" time="0.389" /><testcase classname="tests.test_iter14_operator_admin.TestAccountLabels" name="test_default_account_and_label_rename" time="0.196" /><testcase classname="tests.test_iter14_operator_admin.TestAccountLabels" name="test_create_account_with_label" time="0.100" /><testcase classname="tests.test_iter14_operator_admin.TestOperatorIsolation" name="test_two_operators_see_different_lists" time="0.548" /><testcase classname="tests.test_iter14_operator_admin.TestRegression" name="test_admin_login_still_works" time="0.043" /><testcase classname="tests.test_iter14_operator_admin.TestRegression" name="test_user_login_still_works" time="0.048" /><testcase classname="tests.test_iter14_operator_admin.TestRegression" name="test_logout_clears_cookie" time="0.453" /></testsuite></testsuites>