<?xml version="1.0" encoding="utf-8"?><testsuites name="pytest tests"><testsuite name="pytest" errors="0" failures="0" skipped="0" tests="58" time="8.816" timestamp="2026-08-27T14:41:58.829032+00:00" hostname="agent-env-a778a06d-9ce8-45ab-be5d-235caae40879"><testcase classname="tests.backend_test.TestAutomation" name="test_get_config_default" time="0.755" /><testcase classname="tests.test_iter4_notif_resume_elite" name="test_elite_login_returns_plan_elite" time="0.758" /><testcase classname="tests.backend_test.TestAutomation" name="test_update_config" time="0.270" /><testcase classname="tests.test_iter4_notif_resume_elite" name="test_elite_access_config" time="0.120" /><testcase classname="tests.test_iter4_notif_resume_elite" name="test_elite_access_status" time="0.128" /><testcase classname="tests.test_iter4_notif_resume_elite" name="test_elite_access_telegram_status" time="0.102" /><testcase classname="tests.backend_test.TestAutomation" name="test_status_default" time="0.090" /><testcase classname="tests.test_iter4_notif_resume_elite" name="test_elite_access_notifications" time="0.109" /><testcase classname="tests.backend_test.TestAutomation" name="test_start_stop" time="5.304" /><testcase classname="tests.test_iter4_notif_resume_elite" name="test_resume_idempotent_no_runner" time="0.104" /><testcase classname="tests.test_iter4_notif_resume_elite" name="test_resume_twice_idempotent" time="0.195" /><testcase classname="tests.test_iter4_notif_resume_elite" name="test_admin_sees_elite_user" time="0.417" /><testcase classname="tests.test_iter4_notif_resume_elite" name="test_seeded_notif_visible" time="0.104" /><testcase classname="tests.test_iter4_notif_resume_elite" name="test_mark_notif_read" time="0.192" /><testcase classname="tests.test_bugfixes_iter2.TestAutomationRunnerPlumbing" name="test_runner_attributes_set_in_init" time="0.443" /><testcase classname="tests.test_bugfixes_iter2.TestAutomationRunnerPlumbing" name="test_wait_for_message_has_extend_on_active_kwarg" time="0.000" /><testcase classname="tests.test_bugfixes_iter2.TestAutomationRunnerPlumbing" name="test_resume_clears_verification_state" time="0.000" /><testcase classname="tests.test_bugfixes_iter2.TestAutomationRunnerPlumbing" name="test_handle_verification_no_click_and_debounce" time="0.002" /><testcase classname="tests.test_bugfixes_iter2.TestAutomationRunnerPlumbing" name="test_cycle_vip_passes_extend_on_active" time="0.001" /><testcase classname="tests.test_bugfixes_iter2.TestAutomationRunnerPlumbing" name="test_cycle_group_passes_extend_on_active" time="0.001" /><testcase classname="tests.test_bugfixes_iter3.TestRunnerAttributes" name="test_init_has_new_attributes" time="0.000" /><testcase classname="tests.test_bugfixes_iter3.TestRunnerAttributes" name="test_has_session_likely_running_method" time="0.000" /><testcase classname="tests.test_bugfixes_iter3.TestRunnerAttributes" name="test_has_process_session_result_method" time="0.000" /><testcase classname="tests.test_bugfixes_iter3.TestRunnerAttributes" name="test_do_sell_signature_has_mancing_retry" time="0.000" /><testcase classname="tests.test_bugfixes_iter3.TestRunnerAttributes" name="test_handle_verification_still_exists" time="0.000" /><testcase classname="tests.test_bugfixes_iter3.TestRunnerAttributes" name="test_handle_verification_tries_webview_before_pause" time="0.002" /><testcase classname="tests.test_bugfixes_iter2.TestRegression" name="test_health" time="0.189" /><testcase classname="tests.test_bugfixes_iter2.TestRegression" name="test_admin_login" time="0.339" /><testcase classname="tests.test_bugfixes_iter2.TestRegression" name="test_events_endpoint" time="0.447" /><testcase classname="tests.test_bugfixes_iter2.TestRegression" name="test_notifications_endpoint" time="0.115" /><testcase classname="tests.test_bugfixes_iter2.TestRegression" name="test_pause_resume" time="0.199" /><testcase classname="tests.backend_test.TestAdmin" name="test_admin_list_users" time="0.450" /><testcase classname="tests.backend_test.TestAdmin" name="test_admin_stats" time="0.102" /><testcase classname="tests.backend_test.TestAdmin" name="test_admin_update_user" time="0.373" /><testcase classname="tests.backend_test.TestAdmin" name="test_non_admin_forbidden" time="0.081" /><testcase classname="tests.backend_test.TestAuth" name="test_register_and_login" time="0.768" /><testcase classname="tests.backend_test.TestAuth" name="test_login_invalid" time="0.083" /><testcase classname="tests.backend_test.TestAuth" name="test_me_requires_auth" time="0.078" /><testcase classname="tests.backend_test.TestTelegram" name="test_status" time="0.086" /><testcase classname="tests.backend_test.TestTelegram" name="test_save_credentials" time="0.089" /><testcase classname="tests.backend_test.TestTelegram" name="test_send_code_without_creds_fails" time="0.378" /><testcase classname="tests.backend_test.TestAutomation" name="test_start_without_target_returns_400" time="0.739" /><testcase classname="tests.test_bugfixes_iter2.TestConfigNewFields" name="test_defaults_present" time="0.612" /><testcase classname="tests.test_bugfixes_iter2.TestConfigNewFields" name="test_default_patterns_functional" time="0.070" /><testcase classname="tests.backend_test.TestAutomation" name="test_pause_resume" time="0.170" /><testcase classname="tests.test_bugfixes_iter2.TestConfigNewFields" name="test_put_persists_new_fields" time="0.194" /><testcase classname="tests.backend_test.TestAutomation" name="test_events" time="0.088" /><testcase classname="tests.test_bugfixes_iter3.TestRegressionEndpoints" name="test_health" time="0.294" /><testcase classname="tests.backend_test.TestAutomation" name="test_notifications" time="0.087" /><testcase classname="tests.backend_test.TestAutomation" name="test_mark_all_read" time="0.083" /><testcase classname="tests.test_bugfixes_iter2.TestTelegramManagerHandlers" name="test_message_edited_handler_installed" time="0.462" /><testcase classname="tests.test_bugfixes_iter3.TestRegressionEndpoints" name="test_admin_users" time="0.428" /><testcase classname="tests.test_bugfixes_iter2.TestTelegramManagerHandlers" name="test_edited_handler_pushes_edited_type" time="0.001" /><testcase classname="tests.test_bugfixes_iter3.TestVipCycleGating" name="test_cycle_vip_gates_on_session_running" time="0.002" /><testcase classname="tests.test_bugfixes_iter3.TestVipCycleGating" name="test_extract_and_sell_awaits_konfirmasi" time="0.002" /><testcase classname="tests.test_bugfixes_iter3" name="test_request_webview_import" time="0.002" /><testcase classname="tests.test_bugfixes_iter3.TestRegressionEndpoints" name="test_admin_stats" time="0.091" /><testcase classname="tests.backend_test" name="test_health" time="0.068" /></testsuite></testsuites>