<?xml version="1.0" encoding="utf-8"?><testsuites name="pytest tests"><testsuite name="pytest" errors="0" failures="0" skipped="0" tests="172" time="42.467" timestamp="2026-08-29T09:56:57.152800+00:00" hostname="agent-env-a778a06d-9ce8-45ab-be5d-235caae40879"><testcase classname="tests.backend_test" name="test_health" time="0.213" /><testcase classname="tests.backend_test.TestAuth" name="test_register_and_login" time="0.704" /><testcase classname="tests.backend_test.TestAuth" name="test_login_invalid" time="0.044" /><testcase classname="tests.backend_test.TestAuth" name="test_me_requires_auth" time="0.081" /><testcase classname="tests.backend_test.TestAutomation" name="test_get_config_default" time="0.312" /><testcase classname="tests.backend_test.TestAutomation" name="test_update_config" time="0.131" /><testcase classname="tests.backend_test.TestAutomation" name="test_status_default" time="0.045" /><testcase classname="tests.backend_test.TestAutomation" name="test_start_requires_connected_telegram" time="0.129" /><testcase classname="tests.backend_test.TestAutomation" name="test_start_without_target_returns_400" time="0.414" /><testcase classname="tests.backend_test.TestAutomation" name="test_pause_resume" time="0.093" /><testcase classname="tests.backend_test.TestAutomation" name="test_events" time="0.044" /><testcase classname="tests.backend_test.TestAutomation" name="test_notifications" time="0.044" /><testcase classname="tests.backend_test.TestAutomation" name="test_mark_all_read" time="0.084" /><testcase classname="tests.backend_test.TestTelegram" name="test_status" time="0.044" /><testcase classname="tests.backend_test.TestTelegram" name="test_save_credentials" time="0.044" /><testcase classname="tests.backend_test.TestTelegram" name="test_send_code_without_creds_fails" time="0.354" /><testcase classname="tests.backend_test.TestAdmin" name="test_admin_list_users" time="0.367" /><testcase classname="tests.backend_test.TestAdmin" name="test_admin_stats" time="0.044" /><testcase classname="tests.backend_test.TestAdmin" name="test_admin_update_user" time="0.073" /><testcase classname="tests.backend_test.TestAdmin" name="test_non_admin_forbidden" time="0.042" /><testcase classname="tests.test_bugfixes_iter2.TestConfigNewFields" name="test_defaults_present" time="0.382" /><testcase classname="tests.test_bugfixes_iter2.TestConfigNewFields" name="test_default_patterns_functional" time="0.051" /><testcase classname="tests.test_bugfixes_iter2.TestConfigNewFields" name="test_put_persists_new_fields" time="0.150" /><testcase classname="tests.test_bugfixes_iter2.TestAutomationRunnerPlumbing" name="test_runner_attributes_set_in_init" time="0.002" /><testcase classname="tests.test_bugfixes_iter2.TestAutomationRunnerPlumbing" name="test_wait_for_message_has_extend_on_active_kwarg" time="0.000" /><testcase classname="tests.test_bugfixes_iter2.TestAutomationRunnerPlumbing" name="test_resume_clears_verification_state" time="0.000" /><testcase classname="tests.test_bugfixes_iter2.TestAutomationRunnerPlumbing" name="test_handle_verification_no_click_and_debounce" time="0.002" /><testcase classname="tests.test_bugfixes_iter2.TestAutomationRunnerPlumbing" name="test_cycle_vip_passes_extend_on_active" time="0.001" /><testcase classname="tests.test_bugfixes_iter2.TestAutomationRunnerPlumbing" name="test_cycle_group_detects_session_done" time="0.001" /><testcase classname="tests.test_bugfixes_iter2.TestTelegramManagerHandlers" name="test_message_edited_handler_installed" time="0.001" /><testcase classname="tests.test_bugfixes_iter2.TestTelegramManagerHandlers" name="test_edited_handler_pushes_edited_type" time="0.001" /><testcase classname="tests.test_bugfixes_iter2.TestRegression" name="test_health" time="0.048" /><testcase classname="tests.test_bugfixes_iter2.TestRegression" name="test_admin_login" time="0.274" /><testcase classname="tests.test_bugfixes_iter2.TestRegression" name="test_events_endpoint" time="0.052" /><testcase classname="tests.test_bugfixes_iter2.TestRegression" name="test_notifications_endpoint" time="0.051" /><testcase classname="tests.test_bugfixes_iter2.TestRegression" name="test_pause_resume" time="0.107" /><testcase classname="tests.test_bugfixes_iter3" name="test_request_webview_import" time="0.001" /><testcase classname="tests.test_bugfixes_iter3.TestRunnerAttributes" name="test_init_has_new_attributes" time="0.001" /><testcase classname="tests.test_bugfixes_iter3.TestRunnerAttributes" name="test_has_session_likely_running_method" time="0.000" /><testcase classname="tests.test_bugfixes_iter3.TestRunnerAttributes" name="test_has_process_session_result_method" time="0.000" /><testcase classname="tests.test_bugfixes_iter3.TestRunnerAttributes" name="test_do_sell_signature_has_mancing_retry" time="0.000" /><testcase classname="tests.test_bugfixes_iter3.TestRunnerAttributes" name="test_handle_verification_still_exists" time="0.000" /><testcase classname="tests.test_bugfixes_iter3.TestRunnerAttributes" name="test_handle_verification_tries_webview_before_pause" time="0.002" /><testcase classname="tests.test_bugfixes_iter3.TestVipCycleGating" name="test_cycle_vip_gates_on_session_running" time="0.001" /><testcase classname="tests.test_bugfixes_iter3.TestVipCycleGating" name="test_extract_and_sell_awaits_konfirmasi" time="0.002" /><testcase classname="tests.test_bugfixes_iter3.TestRegressionEndpoints" name="test_health" time="0.095" /><testcase classname="tests.test_bugfixes_iter3.TestRegressionEndpoints" name="test_admin_users" time="0.332" /><testcase classname="tests.test_bugfixes_iter3.TestRegressionEndpoints" name="test_admin_stats" time="0.044" /><testcase classname="tests.test_iter10_reset_vipgating.TestAdminResetPassword" name="test_short_password_422" time="0.865" /><testcase classname="tests.test_iter10_reset_vipgating.TestAdminResetPassword" name="test_non_admin_403" time="0.098" /><testcase classname="tests.test_iter10_reset_vipgating.TestAdminResetPassword" name="test_no_auth_401" time="0.101" /><testcase classname="tests.test_iter10_reset_vipgating.TestAdminResetPassword" name="test_unknown_user_404" time="0.328" /><testcase classname="tests.test_iter10_reset_vipgating.TestAdminResetPassword" name="test_reset_and_login" time="0.999" /><testcase classname="tests.test_iter10_reset_vipgating.TestVipGating" name="test_free_plan_strips_extra_chats" time="0.723" /><testcase classname="tests.test_iter10_reset_vipgating.TestVipGating" name="test_basic_plan_strips_extra_chats" time="0.638" /><testcase classname="tests.test_iter10_reset_vipgating.TestVipGating" name="test_pro_plan_preserves_extra_chats" time="0.713" /><testcase classname="tests.test_iter10_reset_vipgating.TestVipGating" name="test_elite_plan_preserves_extra_chats" time="0.618" /><testcase classname="tests.test_iter10_reset_vipgating.TestVipGating" name="test_seeded_elite_user_preserves_and_revert" time="0.647" /><testcase classname="tests.test_iter10_reset_vipgating.TestGroupKickstartCode" name="test_engine_kickstart_present" time="0.092" /><testcase classname="tests.test_iter12_cookie_auth_admin_delete" name="test_login_sets_httponly_cookie_and_returns_token" time="0.355" /><testcase classname="tests.test_iter12_cookie_auth_admin_delete" name="test_me_works_with_cookie_only_no_header" time="0.353" /><testcase classname="tests.test_iter12_cookie_auth_admin_delete" name="test_me_no_cookie_no_header_returns_401" time="0.099" /><testcase classname="tests.test_iter12_cookie_auth_admin_delete" name="test_logout_clears_cookie_and_me_returns_401" time="0.417" /><testcase classname="tests.test_iter12_cookie_auth_admin_delete" name="test_header_bearer_still_works_as_fallback" time="0.426" /><testcase classname="tests.test_iter12_cookie_auth_admin_delete" name="test_admin_delete_throwaway_user" time="0.805" /><testcase classname="tests.test_iter12_cookie_auth_admin_delete" name="test_admin_cannot_delete_self" time="0.357" /><testcase classname="tests.test_iter12_cookie_auth_admin_delete" name="test_admin_delete_nonexistent_returns_404" time="0.359" /><testcase classname="tests.test_iter12_cookie_auth_admin_delete" name="test_non_admin_cannot_delete_user" time="0.395" /><testcase classname="tests.test_iter13_security" name="test_admin_login_new_password" time="0.331" /><testcase classname="tests.test_iter13_security" name="test_admin_old_password_rejected" time="0.317" /><testcase classname="tests.test_iter13_security" name="test_user_login_cookie_auth" time="0.354" /><testcase classname="tests.test_iter13_security" name="test_dashboard_endpoints_cookie_auth[/api/automation/status]" time="0.366" /><testcase classname="tests.test_iter13_security" name="test_dashboard_endpoints_cookie_auth[/api/automation/notifications]" time="0.398" /><testcase classname="tests.test_iter13_security" name="test_dashboard_endpoints_cookie_auth[/api/automation/events]" time="0.397" /><testcase classname="tests.test_iter13_security" name="test_dashboard_endpoints_cookie_auth[/api/telegram/status]" time="0.372" /><testcase classname="tests.test_iter13_security" name="test_dashboard_endpoints_cookie_auth[/api/automation/config]" time="0.396" /><testcase classname="tests.test_iter13_security" name="test_config_save_normal_ok" time="0.419" /><testcase classname="tests.test_iter13_security" name="test_config_save_redos_pattern_rejected" time="0.401" /><testcase classname="tests.test_iter13_security" name="test_config_save_invalid_regex_rejected" time="0.444" /><testcase classname="tests.test_iter13_security" name="test_config_save_long_pattern_rejected" time="0.407" /><testcase classname="tests.test_iter13_security" name="test_login_bruteforce_lockout" time="0.377" /><testcase classname="tests.test_iter13_security" name="test_register_short_password_rejected" time="0.096" /><testcase classname="tests.test_iter13_security" name="test_register_valid_password_ok" time="0.706" /><testcase classname="tests.test_iter13_security" name="test_admin_delete_user_flow_and_self_delete_blocked" time="0.765" /><testcase classname="tests.test_iter13_security" name="test_logout_clears_cookie" time="0.422" /><testcase classname="tests.test_iter14_operator_admin.TestPublicRegistration" name="test_register_endpoint_contract" time="0.688" /><testcase classname="tests.test_iter14_operator_admin.TestAdminCreatesOperator" name="test_create_and_new_operator_login" time="1.010" /><testcase classname="tests.test_iter14_operator_admin.TestAdminCreatesOperator" name="test_create_password_min_length" time="0.042" /><testcase classname="tests.test_iter14_operator_admin.TestAdminCreatesOperator" name="test_create_duplicate_email" time="0.043" /><testcase classname="tests.test_iter14_operator_admin.TestAdminCreatesOperator" name="test_non_admin_cannot_create" time="0.365" /><testcase classname="tests.test_iter14_operator_admin.TestAccountLabels" name="test_default_account_and_label_rename" time="0.181" /><testcase classname="tests.test_iter14_operator_admin.TestAccountLabels" name="test_create_account_with_label" time="0.092" /><testcase classname="tests.test_iter14_operator_admin.TestOperatorIsolation" name="test_two_operators_see_different_lists" time="0.524" /><testcase classname="tests.test_iter14_operator_admin.TestRegression" name="test_admin_login_still_works" time="0.059" /><testcase classname="tests.test_iter14_operator_admin.TestRegression" name="test_user_login_still_works" time="0.044" /><testcase classname="tests.test_iter14_operator_admin.TestRegression" name="test_logout_clears_cookie" time="0.446" /><testcase classname="tests.test_iter15_group_reopen_verify_resume" name="test_config_has_new_patterns" time="0.000" /><testcase classname="tests.test_iter15_group_reopen_verify_resume" name="test_group_reopens_on_cancelled" time="3.008" /><testcase classname="tests.test_iter15_group_reopen_verify_resume" name="test_resend_pending_after_verify_manual_resume" time="0.004" /><testcase classname="tests.test_iter15_group_reopen_verify_resume" name="test_resend_pending_noop_when_not_paused_for_verify" time="0.002" /><testcase classname="tests.test_iter15_group_reopen_verify_resume" name="test_resend_pending_force_after_auto_verify" time="0.003" /><testcase classname="tests.test_iter4_notif_resume_elite" name="test_elite_login_returns_plan_elite" time="0.343" /><testcase classname="tests.test_iter4_notif_resume_elite" name="test_elite_access_config" time="0.050" /><testcase classname="tests.test_iter4_notif_resume_elite" name="test_elite_access_status" time="0.049" /><testcase classname="tests.test_iter4_notif_resume_elite" name="test_elite_access_telegram_status" time="0.050" /><testcase classname="tests.test_iter4_notif_resume_elite" name="test_elite_access_notifications" time="0.049" /><testcase classname="tests.test_iter4_notif_resume_elite" name="test_resume_idempotent_no_runner" time="0.049" /><testcase classname="tests.test_iter4_notif_resume_elite" name="test_resume_twice_idempotent" time="0.098" /><testcase classname="tests.test_iter4_notif_resume_elite" name="test_admin_sees_elite_user" time="0.342" /><testcase classname="tests.test_iter4_notif_resume_elite" name="test_seeded_notif_visible" time="0.054" /><testcase classname="tests.test_iter4_notif_resume_elite" name="test_mark_notif_read" time="0.101" /><testcase classname="tests.test_iter5_boost_filter.TestConfigNewFields" name="test_get_config_defaults" time="0.799" /><testcase classname="tests.test_iter5_boost_filter.TestConfigNewFields" name="test_put_persists_new_fields" time="0.322" /><testcase classname="tests.test_iter5_boost_filter.TestEnginePlumbing" name="test_regex_patterns" time="0.000" /><testcase classname="tests.test_iter5_boost_filter.TestEnginePlumbing" name="test_runner_has_new_methods" time="0.000" /><testcase classname="tests.test_iter5_boost_filter.TestEnginePlumbing" name="test_extract_and_sell_calls_ensure_no_active_session" time="0.002" /><testcase classname="tests.test_iter5_boost_filter.TestEnginePlumbing" name="test_do_sell_waits_on_mancing" time="0.001" /><testcase classname="tests.test_iter5_boost_filter.TestEnginePlumbing" name="test_wait_for_message_uses_resolve_and_target_filter" time="0.001" /><testcase classname="tests.test_iter5_boost_filter.TestEnginePlumbing" name="test_join_group_button_handles_deeplink" time="0.001" /><testcase classname="tests.test_iter5_boost_filter.TestEnginePlumbing" name="test_cycle_group_pattern_is_pendaftaran_dibuka" time="0.001" /><testcase classname="tests.test_iter5_boost_filter.TestTelegramManagerPlumbing" name="test_user_telegram_has_filter_attrs" time="0.000" /><testcase classname="tests.test_iter5_boost_filter.TestTelegramManagerPlumbing" name="test_handlers_use_incoming_and_filter" time="0.001" /><testcase classname="tests.test_iter5_boost_filter.TestBoostTrigger" name="test_default_boost_pattern_matches_both_triggers" time="0.000" /><testcase classname="tests.test_iter6_live_api.TestHealthAuth" name="test_health" time="0.133" /><testcase classname="tests.test_iter6_live_api.TestHealthAuth" name="test_admin_login" time="0.270" /><testcase classname="tests.test_iter6_live_api.TestHealthAuth" name="test_login_wrong_password" time="0.271" /><testcase classname="tests.test_iter6_live_api.TestHealthAuth" name="test_me" time="0.433" /><testcase classname="tests.test_iter6_live_api.TestHealthAuth" name="test_me_no_token" time="0.047" /><testcase classname="tests.test_iter6_live_api.TestHealthAuth" name="test_me_bad_token" time="0.050" /><testcase classname="tests.test_iter6_live_api.TestHealthAuth" name="test_register_new_user_and_duplicate" time="0.460" /><testcase classname="tests.test_iter6_live_api.TestAutomationConfig" name="test_get_config_has_required_fields" time="0.051" /><testcase classname="tests.test_iter6_live_api.TestAutomationConfig" name="test_config_requires_auth" time="0.046" /><testcase classname="tests.test_iter6_live_api.TestAutomationConfig" name="test_update_config_persists" time="0.147" /><testcase classname="tests.test_iter6_live_api.TestAutomationConfig" name="test_config_isolated_per_user" time="0.376" /><testcase classname="tests.test_iter6_live_api.TestAutomationConfig" name="test_update_config_invalid_mode_rejected" time="0.097" /><testcase classname="tests.test_iter6_live_api.TestAutomationRuntime" name="test_status" time="0.049" /><testcase classname="tests.test_iter6_live_api.TestAutomationRuntime" name="test_events" time="0.053" /><testcase classname="tests.test_iter6_live_api.TestAutomationRuntime" name="test_events_limit_validation" time="0.049" /><testcase classname="tests.test_iter6_live_api.TestAutomationRuntime" name="test_notifications" time="0.051" /><testcase classname="tests.test_iter6_live_api.TestAutomationRuntime" name="test_notifications_read_all" time="0.099" /><testcase classname="tests.test_iter6_live_api.TestAutomationRuntime" name="test_mark_read_unknown_id" time="0.050" /><testcase classname="tests.test_iter6_live_api.TestAutomationRuntime" name="test_start_without_usernames_returns_400" time="0.574" /><testcase classname="tests.test_iter6_live_api.TestAutomationRuntime" name="test_start_with_bot_username_then_stop" time="0.253" /><testcase classname="tests.test_iter6_live_api.TestAutomationRuntime" name="test_pause_resume_do_not_500" time="0.101" /><testcase classname="tests.test_iter6_live_api.TestTelegram" name="test_status" time="0.049" /><testcase classname="tests.test_iter6_live_api.TestTelegram" name="test_status_requires_auth" time="0.048" /><testcase classname="tests.test_iter6_live_api.TestTelegram" name="test_send_code_without_creds_no_500" time="0.365" /><testcase classname="tests.test_iter6_live_api.TestTelegram" name="test_invalid_phone_format" time="0.050" /><testcase classname="tests.test_iter6_live_api.TestAdmin" name="test_list_users" time="0.071" /><testcase classname="tests.test_iter6_live_api.TestAdmin" name="test_stats" time="0.052" /><testcase classname="tests.test_iter6_live_api.TestAdmin" name="test_non_admin_forbidden" time="0.395" /><testcase classname="tests.test_iter6_live_api.TestAdmin" name="test_update_user_plan" time="0.396" /><testcase classname="tests.test_iter7_config_persist" name="test_login_bad_password" time="0.320" /><testcase classname="tests.test_iter7_config_persist" name="test_me" time="0.307" /><testcase classname="tests.test_iter7_config_persist" name="test_config_get" time="0.046" /><testcase classname="tests.test_iter7_config_persist" name="test_config_put_persists" time="0.174" /><testcase classname="tests.test_iter7_config_persist" name="test_config_requires_auth" time="0.100" /><testcase classname="tests.test_iter7_config_persist" name="test_notifications_endpoint" time="0.045" /><testcase classname="tests.test_iter7_config_persist" name="test_status_endpoint" time="0.044" /><testcase classname="tests.test_iter8_multiaccount.TestAccountsList" name="test_list_autocreates_default_and_plan_meta" time="0.410" /><testcase classname="tests.test_iter8_multiaccount.TestAccountsList" name="test_requires_auth" time="0.094" /><testcase classname="tests.test_iter8_multiaccount.TestPlanLimit" name="test_create_up_to_limit_then_403" time="0.760" /><testcase classname="tests.test_iter8_multiaccount.TestPlanLimit" name="test_delete_account_and_verify_removal" time="0.303" /><testcase classname="tests.test_iter8_multiaccount.TestPlanLimit" name="test_delete_unknown_returns_404" time="0.109" /><testcase classname="tests.test_iter8_multiaccount.TestPlanLimit" name="test_cannot_delete_last_account" time="0.241" /><testcase classname="tests.test_iter8_multiaccount.TestIsolation" name="test_config_isolated_per_account" time="0.514" /><testcase classname="tests.test_iter8_multiaccount.TestIsolation" name="test_status_isolated_per_account" time="0.191" /><testcase classname="tests.test_iter8_multiaccount.TestIsolation" name="test_events_isolated_per_account" time="0.198" /><testcase classname="tests.test_iter8_multiaccount.TestIsolation" name="test_unknown_account_id_falls_back_to_default" time="0.192" /><testcase classname="tests.test_iter8_multiaccount.TestIsolation" name="test_cross_user_account_id_rejected" time="0.108" /><testcase classname="tests.test_iter8_multiaccount.TestLogRetention" name="test_elite_log_days_90" time="0.096" /><testcase classname="tests.test_iter8_multiaccount.TestLogRetention" name="test_log_days_follows_plan_change" time="2.364" /></testsuite></testsuites>