<?xml version="1.0" encoding="utf-8"?><testsuites name="pytest tests"><testsuite name="pytest" errors="0" failures="0" skipped="0" tests="29" time="10.565" timestamp="2026-08-28T05:23:06.418095+00:00" hostname="agent-env-b4fe4124-174e-46e5-87b4-d1cc952da2a5"><testcase classname="tests.test_iter6_live_api.TestHealthAuth" name="test_health" time="0.116" /><testcase classname="tests.test_iter6_live_api.TestHealthAuth" name="test_admin_login" time="0.494" /><testcase classname="tests.test_iter6_live_api.TestAutomationRuntime" name="test_status" time="0.614" /><testcase classname="tests.test_iter6_live_api.TestHealthAuth" name="test_login_wrong_password" time="0.263" /><testcase classname="tests.test_iter6_live_api.TestAutomationRuntime" name="test_events" time="0.264" /><testcase classname="tests.test_iter6_live_api.TestAutomationRuntime" name="test_events_limit_validation" time="0.049" /><testcase classname="tests.test_iter6_live_api.TestAutomationRuntime" name="test_notifications" time="0.260" /><testcase classname="tests.test_iter6_live_api.TestHealthAuth" name="test_me" time="0.464" /><testcase classname="tests.test_iter6_live_api.TestAutomationRuntime" name="test_notifications_read_all" time="0.099" /><testcase classname="tests.test_iter6_live_api.TestAutomationRuntime" name="test_mark_read_unknown_id" time="0.052" /><testcase classname="tests.test_iter6_live_api.TestHealthAuth" name="test_me_no_token" time="0.040" /><testcase classname="tests.test_iter6_live_api.TestAutomationRuntime" name="test_start_without_usernames_returns_400" time="0.798" /><testcase classname="tests.test_iter6_live_api.TestHealthAuth" name="test_me_bad_token" time="0.042" /><testcase classname="tests.test_iter6_live_api.TestHealthAuth" name="test_register_new_user_and_duplicate" time="0.738" /><testcase classname="tests.test_iter6_live_api.TestAutomationRuntime" name="test_start_with_bot_username_then_stop" time="7.295" /><testcase classname="tests.test_iter6_live_api.TestAutomationConfig" name="test_get_config_has_required_fields" time="0.053" /><testcase classname="tests.test_iter6_live_api.TestAutomationConfig" name="test_config_requires_auth" time="0.041" /><testcase classname="tests.test_iter6_live_api.TestAutomationConfig" name="test_update_config_persists" time="0.156" /><testcase classname="tests.test_iter6_live_api.TestAutomationConfig" name="test_config_isolated_per_user" time="0.354" /><testcase classname="tests.test_iter6_live_api.TestAutomationConfig" name="test_update_config_invalid_mode_rejected" time="0.106" /><testcase classname="tests.test_iter6_live_api.TestAdmin" name="test_list_users" time="0.061" /><testcase classname="tests.test_iter6_live_api.TestAdmin" name="test_stats" time="0.052" /><testcase classname="tests.test_iter6_live_api.TestAdmin" name="test_non_admin_forbidden" time="0.356" /><testcase classname="tests.test_iter6_live_api.TestAdmin" name="test_update_user_plan" time="0.374" /><testcase classname="tests.test_iter6_live_api.TestAutomationRuntime" name="test_pause_resume_do_not_500" time="0.098" /><testcase classname="tests.test_iter6_live_api.TestTelegram" name="test_status" time="0.050" /><testcase classname="tests.test_iter6_live_api.TestTelegram" name="test_status_requires_auth" time="0.047" /><testcase classname="tests.test_iter6_live_api.TestTelegram" name="test_send_code_without_creds_no_500" time="0.390" /><testcase classname="tests.test_iter6_live_api.TestTelegram" name="test_invalid_phone_format" time="0.048" /></testsuite></testsuites>