<?xml version="1.0" encoding="utf-8"?><testsuites name="pytest tests"><testsuite name="pytest" errors="0" failures="4" skipped="0" tests="119" time="22.452" timestamp="2026-08-28T11:32:01.849310+00:00" hostname="agent-env-b4fe4124-174e-46e5-87b4-d1cc952da2a5"><testcase classname="tests.backend_test" name="test_health" time="0.178" /><testcase classname="tests.backend_test.TestAuth" name="test_register_and_login" time="0.695" /><testcase classname="tests.backend_test.TestAuth" name="test_login_invalid" time="0.064" /><testcase classname="tests.backend_test.TestAuth" name="test_me_requires_auth" time="0.048" /><testcase classname="tests.backend_test.TestAutomation" name="test_get_config_default" time="0.353" /><testcase classname="tests.backend_test.TestAutomation" name="test_update_config" time="0.355" /><testcase classname="tests.backend_test.TestAutomation" name="test_status_default" time="0.068" /><testcase classname="tests.backend_test.TestAutomation" name="test_start_requires_connected_telegram" time="0.128" /><testcase classname="tests.backend_test.TestAutomation" name="test_start_without_target_returns_400" time="0.610" /><testcase classname="tests.backend_test.TestAutomation" name="test_pause_resume" time="0.134" /><testcase classname="tests.backend_test.TestAutomation" name="test_events" time="0.055" /><testcase classname="tests.backend_test.TestAutomation" name="test_notifications" time="0.051" /><testcase classname="tests.backend_test.TestAutomation" name="test_mark_all_read" time="0.059" /><testcase classname="tests.backend_test.TestTelegram" name="test_status" time="0.081" /><testcase classname="tests.backend_test.TestTelegram" name="test_save_credentials" time="0.065" /><testcase classname="tests.backend_test.TestTelegram" name="test_send_code_without_creds_fails" time="0.383" /><testcase classname="tests.backend_test.TestAdmin" name="test_admin_list_users" time="0.411" /><testcase classname="tests.backend_test.TestAdmin" name="test_admin_stats" time="0.049" /><testcase classname="tests.backend_test.TestAdmin" name="test_admin_update_user" time="0.057" /><testcase classname="tests.backend_test.TestAdmin" name="test_non_admin_forbidden" time="0.068" /><testcase classname="tests.test_bugfixes_iter2.TestConfigNewFields" name="test_defaults_present" time="0.426" /><testcase classname="tests.test_bugfixes_iter2.TestConfigNewFields" name="test_default_patterns_functional" time="0.067" /><testcase classname="tests.test_bugfixes_iter2.TestConfigNewFields" name="test_put_persists_new_fields" time="0.214" /><testcase classname="tests.test_bugfixes_iter2.TestAutomationRunnerPlumbing" name="test_runner_attributes_set_in_init" time="0.423" /><testcase classname="tests.test_bugfixes_iter2.TestAutomationRunnerPlumbing" name="test_wait_for_message_has_extend_on_active_kwarg" time="0.000" /><testcase classname="tests.test_bugfixes_iter2.TestAutomationRunnerPlumbing" name="test_resume_clears_verification_state" time="0.000" /><testcase classname="tests.test_bugfixes_iter2.TestAutomationRunnerPlumbing" name="test_handle_verification_no_click_and_debounce" time="0.002" /><testcase classname="tests.test_bugfixes_iter2.TestAutomationRunnerPlumbing" name="test_cycle_vip_passes_extend_on_active" time="0.001" /><testcase classname="tests.test_bugfixes_iter2.TestAutomationRunnerPlumbing" name="test_cycle_group_passes_extend_on_active" time="0.001"><failure message="assert 'extend_on_active' in '    async def _cycle_group(self, cfg: AutomationConfig):\n        &quot;&quot;&quot;Event-driven group mode.\n\n        - &quot;PENDAFTAR... await self._extract_and_sell(cfg)\n            self.state.fish_since_sell = 0\n            await self._save_state()\n'">E   assert 'extend_on_active' in '    async def _cycle_group(self, cfg: AutomationConfig):\n        """Event-driven group mode.\n\n        - "PENDAFTAR... await self._extract_and_sell(cfg)\n            self.state.fish_since_sell = 0\n            await self._save_state()\n'</failure></testcase><testcase classname="tests.test_bugfixes_iter2.TestTelegramManagerHandlers" name="test_message_edited_handler_installed" time="0.001" /><testcase classname="tests.test_bugfixes_iter2.TestTelegramManagerHandlers" name="test_edited_handler_pushes_edited_type" time="0.001" /><testcase classname="tests.test_bugfixes_iter2.TestRegression" name="test_health" time="0.064" /><testcase classname="tests.test_bugfixes_iter2.TestRegression" name="test_admin_login" time="0.298" /><testcase classname="tests.test_bugfixes_iter2.TestRegression" name="test_events_endpoint" time="0.070" /><testcase classname="tests.test_bugfixes_iter2.TestRegression" name="test_notifications_endpoint" time="0.070" /><testcase classname="tests.test_bugfixes_iter2.TestRegression" name="test_pause_resume" time="0.132" /><testcase classname="tests.test_bugfixes_iter3" name="test_request_webview_import" time="0.001" /><testcase classname="tests.test_bugfixes_iter3.TestRunnerAttributes" name="test_init_has_new_attributes" time="0.001" /><testcase classname="tests.test_bugfixes_iter3.TestRunnerAttributes" name="test_has_session_likely_running_method" time="0.000" /><testcase classname="tests.test_bugfixes_iter3.TestRunnerAttributes" name="test_has_process_session_result_method" time="0.000" /><testcase classname="tests.test_bugfixes_iter3.TestRunnerAttributes" name="test_do_sell_signature_has_mancing_retry" time="0.000" /><testcase classname="tests.test_bugfixes_iter3.TestRunnerAttributes" name="test_handle_verification_still_exists" time="0.000" /><testcase classname="tests.test_bugfixes_iter3.TestRunnerAttributes" name="test_handle_verification_tries_webview_before_pause" time="0.002"><failure message="AssertionError: webview attempt must come before pause&#10;assert 1692 &lt; 1495">E   AssertionError: webview attempt must come before pause
    assert 1692 &lt; 1495</failure></testcase><testcase classname="tests.test_bugfixes_iter3.TestVipCycleGating" name="test_cycle_vip_gates_on_session_running" time="0.001" /><testcase classname="tests.test_bugfixes_iter3.TestVipCycleGating" name="test_extract_and_sell_awaits_konfirmasi" time="0.001" /><testcase classname="tests.test_bugfixes_iter3.TestRegressionEndpoints" name="test_health" time="0.137" /><testcase classname="tests.test_bugfixes_iter3.TestRegressionEndpoints" name="test_admin_users" time="0.339" /><testcase classname="tests.test_bugfixes_iter3.TestRegressionEndpoints" name="test_admin_stats" time="0.058" /><testcase classname="tests.test_iter4_notif_resume_elite" name="test_elite_login_returns_plan_elite" time="0.324" /><testcase classname="tests.test_iter4_notif_resume_elite" name="test_elite_access_config" time="0.071" /><testcase classname="tests.test_iter4_notif_resume_elite" name="test_elite_access_status" time="0.059" /><testcase classname="tests.test_iter4_notif_resume_elite" name="test_elite_access_telegram_status" time="0.070" /><testcase classname="tests.test_iter4_notif_resume_elite" name="test_elite_access_notifications" time="0.052" /><testcase classname="tests.test_iter4_notif_resume_elite" name="test_resume_idempotent_no_runner" time="0.052" /><testcase classname="tests.test_iter4_notif_resume_elite" name="test_resume_twice_idempotent" time="0.117" /><testcase classname="tests.test_iter4_notif_resume_elite" name="test_admin_sees_elite_user" time="0.349" /><testcase classname="tests.test_iter4_notif_resume_elite" name="test_seeded_notif_visible" time="0.055" /><testcase classname="tests.test_iter4_notif_resume_elite" name="test_mark_notif_read" time="0.119" /><testcase classname="tests.test_iter5_boost_filter.TestConfigNewFields" name="test_get_config_defaults" time="0.836"><failure message="AssertionError: assert 'PERAHU SIAP BERANGKAT' in '(AUTO MANCING DIMULAI)'">E   AssertionError: assert 'PERAHU SIAP BERANGKAT' in '(AUTO MANCING DIMULAI)'</failure></testcase><testcase classname="tests.test_iter5_boost_filter.TestConfigNewFields" name="test_put_persists_new_fields" time="0.411" /><testcase classname="tests.test_iter5_boost_filter.TestEnginePlumbing" name="test_regex_patterns" time="0.000" /><testcase classname="tests.test_iter5_boost_filter.TestEnginePlumbing" name="test_runner_has_new_methods" time="0.000" /><testcase classname="tests.test_iter5_boost_filter.TestEnginePlumbing" name="test_extract_and_sell_calls_ensure_no_active_session" time="0.002" /><testcase classname="tests.test_iter5_boost_filter.TestEnginePlumbing" name="test_do_sell_waits_on_mancing" time="0.001" /><testcase classname="tests.test_iter5_boost_filter.TestEnginePlumbing" name="test_wait_for_message_uses_resolve_and_target_filter" time="0.001" /><testcase classname="tests.test_iter5_boost_filter.TestEnginePlumbing" name="test_join_group_button_handles_deeplink" time="0.001" /><testcase classname="tests.test_iter5_boost_filter.TestEnginePlumbing" name="test_cycle_group_pattern_is_pendaftaran_dibuka" time="0.001"><failure message="assert 'PENDAFTARAN DIBUKA|PERAHU SIAP' in '    async def _cycle_group(self, cfg: AutomationConfig):\n        &quot;&quot;&quot;Event-driven group mode.\n\n        - &quot;PENDAFTAR... await self._extract_and_sell(cfg)\n            self.state.fish_since_sell = 0\n            await self._save_state()\n'">E   assert 'PENDAFTARAN DIBUKA|PERAHU SIAP' in '    async def _cycle_group(self, cfg: AutomationConfig):\n        """Event-driven group mode.\n\n        - "PENDAFTAR... await self._extract_and_sell(cfg)\n            self.state.fish_since_sell = 0\n            await self._save_state()\n'</failure></testcase><testcase classname="tests.test_iter5_boost_filter.TestTelegramManagerPlumbing" name="test_user_telegram_has_filter_attrs" time="0.000" /><testcase classname="tests.test_iter5_boost_filter.TestTelegramManagerPlumbing" name="test_handlers_use_incoming_and_filter" time="0.001" /><testcase classname="tests.test_iter5_boost_filter.TestBoostTrigger" name="test_default_boost_pattern_matches_both_triggers" time="0.000" /><testcase classname="tests.test_iter6_live_api.TestHealthAuth" name="test_health" time="0.126" /><testcase classname="tests.test_iter6_live_api.TestHealthAuth" name="test_admin_login" time="0.276" /><testcase classname="tests.test_iter6_live_api.TestHealthAuth" name="test_login_wrong_password" time="0.279" /><testcase classname="tests.test_iter6_live_api.TestHealthAuth" name="test_me" time="0.452" /><testcase classname="tests.test_iter6_live_api.TestHealthAuth" name="test_me_no_token" time="0.053" /><testcase classname="tests.test_iter6_live_api.TestHealthAuth" name="test_me_bad_token" time="0.052" /><testcase classname="tests.test_iter6_live_api.TestHealthAuth" name="test_register_new_user_and_duplicate" time="0.531" /><testcase classname="tests.test_iter6_live_api.TestAutomationConfig" name="test_get_config_has_required_fields" time="0.049" /><testcase classname="tests.test_iter6_live_api.TestAutomationConfig" name="test_config_requires_auth" time="0.054" /><testcase classname="tests.test_iter6_live_api.TestAutomationConfig" name="test_update_config_persists" time="0.145" /><testcase classname="tests.test_iter6_live_api.TestAutomationConfig" name="test_config_isolated_per_user" time="0.441" /><testcase classname="tests.test_iter6_live_api.TestAutomationConfig" name="test_update_config_invalid_mode_rejected" time="0.102" /><testcase classname="tests.test_iter6_live_api.TestAutomationRuntime" name="test_status" time="0.047" /><testcase classname="tests.test_iter6_live_api.TestAutomationRuntime" name="test_events" time="0.091" /><testcase classname="tests.test_iter6_live_api.TestAutomationRuntime" name="test_events_limit_validation" time="0.058" /><testcase classname="tests.test_iter6_live_api.TestAutomationRuntime" name="test_notifications" time="0.055" /><testcase classname="tests.test_iter6_live_api.TestAutomationRuntime" name="test_notifications_read_all" time="0.096" /><testcase classname="tests.test_iter6_live_api.TestAutomationRuntime" name="test_mark_read_unknown_id" time="0.051" /><testcase classname="tests.test_iter6_live_api.TestAutomationRuntime" name="test_start_without_usernames_returns_400" time="0.668" /><testcase classname="tests.test_iter6_live_api.TestAutomationRuntime" name="test_start_with_bot_username_then_stop" time="0.242" /><testcase classname="tests.test_iter6_live_api.TestAutomationRuntime" name="test_pause_resume_do_not_500" time="0.094" /><testcase classname="tests.test_iter6_live_api.TestTelegram" name="test_status" time="0.049" /><testcase classname="tests.test_iter6_live_api.TestTelegram" name="test_status_requires_auth" time="0.056" /><testcase classname="tests.test_iter6_live_api.TestTelegram" name="test_send_code_without_creds_no_500" time="0.401" /><testcase classname="tests.test_iter6_live_api.TestTelegram" name="test_invalid_phone_format" time="0.051" /><testcase classname="tests.test_iter6_live_api.TestAdmin" name="test_list_users" time="0.057" /><testcase classname="tests.test_iter6_live_api.TestAdmin" name="test_stats" time="0.050" /><testcase classname="tests.test_iter6_live_api.TestAdmin" name="test_non_admin_forbidden" time="0.396" /><testcase classname="tests.test_iter6_live_api.TestAdmin" name="test_update_user_plan" time="0.379" /><testcase classname="tests.test_iter7_config_persist" name="test_login_bad_password" time="0.327" /><testcase classname="tests.test_iter7_config_persist" name="test_me" time="0.338" /><testcase classname="tests.test_iter7_config_persist" name="test_config_get" time="0.057" /><testcase classname="tests.test_iter7_config_persist" name="test_config_put_persists" time="0.224" /><testcase classname="tests.test_iter7_config_persist" name="test_config_requires_auth" time="0.101" /><testcase classname="tests.test_iter7_config_persist" name="test_notifications_endpoint" time="0.057" /><testcase classname="tests.test_iter7_config_persist" name="test_status_endpoint" time="0.058" /><testcase classname="tests.test_iter8_multiaccount.TestAccountsList" name="test_list_autocreates_default_and_plan_meta" time="0.453" /><testcase classname="tests.test_iter8_multiaccount.TestAccountsList" name="test_requires_auth" time="0.102" /><testcase classname="tests.test_iter8_multiaccount.TestPlanLimit" name="test_create_up_to_limit_then_403" time="0.933" /><testcase classname="tests.test_iter8_multiaccount.TestPlanLimit" name="test_delete_account_and_verify_removal" time="0.892" /><testcase classname="tests.test_iter8_multiaccount.TestPlanLimit" name="test_delete_unknown_returns_404" time="0.126" /><testcase classname="tests.test_iter8_multiaccount.TestPlanLimit" name="test_cannot_delete_last_account" time="0.251" /><testcase classname="tests.test_iter8_multiaccount.TestIsolation" name="test_config_isolated_per_account" time="0.653" /><testcase classname="tests.test_iter8_multiaccount.TestIsolation" name="test_status_isolated_per_account" time="0.256" /><testcase classname="tests.test_iter8_multiaccount.TestIsolation" name="test_events_isolated_per_account" time="0.234" /><testcase classname="tests.test_iter8_multiaccount.TestIsolation" name="test_unknown_account_id_falls_back_to_default" time="0.269" /><testcase classname="tests.test_iter8_multiaccount.TestIsolation" name="test_cross_user_account_id_rejected" time="0.093" /><testcase classname="tests.test_iter8_multiaccount.TestLogRetention" name="test_elite_log_days_90" time="0.140" /><testcase classname="tests.test_iter8_multiaccount.TestLogRetention" name="test_log_days_follows_plan_change" time="2.565" /></testsuite></testsuites>