<?xml version="1.0" encoding="utf-8"?><testsuites name="pytest tests"><testsuite name="pytest" errors="0" failures="1" skipped="0" tests="48" time="7.513" timestamp="2026-08-27T10:46:18.308870+00:00" hostname="agent-env-a778a06d-9ce8-45ab-be5d-235caae40879"><testcase classname="tests.test_bugfixes_iter2.TestAutomationRunnerPlumbing" name="test_runner_attributes_set_in_init" time="0.488" /><testcase classname="tests.backend_test.TestAutomation" name="test_get_config_default" time="0.500" /><testcase classname="tests.test_bugfixes_iter2.TestAutomationRunnerPlumbing" name="test_wait_for_message_has_extend_on_active_kwarg" time="0.000" /><testcase classname="tests.test_bugfixes_iter2.TestAutomationRunnerPlumbing" name="test_resume_clears_verification_state" time="0.000" /><testcase classname="tests.test_bugfixes_iter2.TestAutomationRunnerPlumbing" name="test_handle_verification_no_click_and_debounce" time="0.001" /><testcase classname="tests.test_bugfixes_iter2.TestAutomationRunnerPlumbing" name="test_do_fishing_session_passes_extend_on_active" time="0.000"><failure message="AttributeError: type object 'AutomationRunner' has no attribute '_do_fishing_session'">tests/test_bugfixes_iter2.py:124: in test_do_fishing_session_passes_extend_on_active
    src = inspect.getsource(AutomationRunner._do_fishing_session)
                            ^^^^^^^^^^^^^^^^^^^^^^^^^^^^^^^^^^^^
E   AttributeError: type object 'AutomationRunner' has no attribute '_do_fishing_session'</failure></testcase><testcase classname="tests.backend_test.TestAutomation" name="test_update_config" time="0.185" /><testcase classname="tests.test_bugfixes_iter2.TestAutomationRunnerPlumbing" name="test_cycle_group_passes_extend_on_active" time="0.001" /><testcase classname="tests.test_bugfixes_iter3.TestRunnerAttributes" name="test_init_has_new_attributes" time="0.000" /><testcase classname="tests.test_bugfixes_iter3.TestRunnerAttributes" name="test_has_session_likely_running_method" time="0.000" /><testcase classname="tests.test_bugfixes_iter3.TestRunnerAttributes" name="test_has_process_session_result_method" time="0.000" /><testcase classname="tests.test_bugfixes_iter3.TestRunnerAttributes" name="test_do_sell_signature_has_mancing_retry" time="0.000" /><testcase classname="tests.test_bugfixes_iter3.TestRunnerAttributes" name="test_handle_verification_still_exists" time="0.000" /><testcase classname="tests.test_bugfixes_iter3.TestRunnerAttributes" name="test_handle_verification_tries_webview_before_pause" time="0.001" /><testcase classname="tests.test_bugfixes_iter2.TestRegression" name="test_health" time="0.183" /><testcase classname="tests.backend_test.TestAutomation" name="test_status_default" time="0.102" /><testcase classname="tests.test_bugfixes_iter2.TestRegression" name="test_admin_login" time="0.279" /><testcase classname="tests.backend_test.TestAutomation" name="test_start_stop" time="5.498" /><testcase classname="tests.test_bugfixes_iter2.TestRegression" name="test_events_endpoint" time="0.336" /><testcase classname="tests.test_bugfixes_iter2.TestRegression" name="test_notifications_endpoint" time="0.054" /><testcase classname="tests.test_bugfixes_iter2.TestRegression" name="test_pause_resume" time="0.107" /><testcase classname="tests.backend_test.TestAdmin" name="test_admin_list_users" time="0.401" /><testcase classname="tests.backend_test.TestAdmin" name="test_admin_stats" time="0.062" /><testcase classname="tests.backend_test.TestAdmin" name="test_admin_update_user" time="0.344" /><testcase classname="tests.backend_test.TestAdmin" name="test_non_admin_forbidden" time="0.056" /><testcase classname="tests.backend_test.TestAuth" name="test_register_and_login" time="0.681" /><testcase classname="tests.backend_test.TestAuth" name="test_login_invalid" time="0.058" /><testcase classname="tests.backend_test.TestAuth" name="test_me_requires_auth" time="0.074" /><testcase classname="tests.backend_test.TestTelegram" name="test_status" time="0.059" /><testcase classname="tests.backend_test.TestTelegram" name="test_save_credentials" time="0.058" /><testcase classname="tests.backend_test.TestTelegram" name="test_send_code_without_creds_fails" time="0.343" /><testcase classname="tests.test_bugfixes_iter2.TestConfigNewFields" name="test_defaults_present" time="0.415" /><testcase classname="tests.test_bugfixes_iter2.TestConfigNewFields" name="test_default_patterns_functional" time="0.064" /><testcase classname="tests.test_bugfixes_iter2.TestConfigNewFields" name="test_put_persists_new_fields" time="0.192" /><testcase classname="tests.test_bugfixes_iter3.TestRegressionEndpoints" name="test_health" time="0.192" /><testcase classname="tests.test_bugfixes_iter3.TestRegressionEndpoints" name="test_admin_users" time="0.354" /><testcase classname="tests.test_bugfixes_iter3.TestRegressionEndpoints" name="test_admin_stats" time="0.064" /><testcase classname="tests.test_bugfixes_iter2.TestTelegramManagerHandlers" name="test_message_edited_handler_installed" time="0.001" /><testcase classname="tests.test_bugfixes_iter2.TestTelegramManagerHandlers" name="test_edited_handler_pushes_edited_type" time="0.001" /><testcase classname="tests.test_bugfixes_iter3.TestVipCycleGating" name="test_cycle_vip_gates_on_session_running" time="0.001" /><testcase classname="tests.test_bugfixes_iter3.TestVipCycleGating" name="test_extract_and_sell_awaits_konfirmasi" time="0.001" /><testcase classname="tests.backend_test" name="test_health" time="0.054" /><testcase classname="tests.test_bugfixes_iter3" name="test_request_webview_import" time="0.001" /><testcase classname="tests.backend_test.TestAutomation" name="test_start_without_target_returns_400" time="0.466" /><testcase classname="tests.backend_test.TestAutomation" name="test_pause_resume" time="0.126" /><testcase classname="tests.backend_test.TestAutomation" name="test_events" time="0.061" /><testcase classname="tests.backend_test.TestAutomation" name="test_notifications" time="0.060" /><testcase classname="tests.backend_test.TestAutomation" name="test_mark_all_read" time="0.059" /></testsuite></testsuites>