<?xml version="1.0" encoding="utf-8"?><testsuites name="pytest tests"><testsuite name="pytest" errors="0" failures="0" skipped="0" tests="9" time="4.334" timestamp="2026-08-29T04:30:20.408997+00:00" hostname="agent-env-a778a06d-9ce8-45ab-be5d-235caae40879"><testcase classname="tests.test_iter12_cookie_auth_admin_delete" name="test_login_sets_httponly_cookie_and_returns_token" time="0.488" /><testcase classname="tests.test_iter12_cookie_auth_admin_delete" name="test_me_works_with_cookie_only_no_header" time="0.374" /><testcase classname="tests.test_iter12_cookie_auth_admin_delete" name="test_me_no_cookie_no_header_returns_401" time="0.116" /><testcase classname="tests.test_iter12_cookie_auth_admin_delete" name="test_logout_clears_cookie_and_me_returns_401" time="0.454" /><testcase classname="tests.test_iter12_cookie_auth_admin_delete" name="test_header_bearer_still_works_as_fallback" time="0.475" /><testcase classname="tests.test_iter12_cookie_auth_admin_delete" name="test_admin_delete_throwaway_user" time="0.808" /><testcase classname="tests.test_iter12_cookie_auth_admin_delete" name="test_admin_cannot_delete_self" time="0.420" /><testcase classname="tests.test_iter12_cookie_auth_admin_delete" name="test_admin_delete_nonexistent_returns_404" time="0.394" /><testcase classname="tests.test_iter12_cookie_auth_admin_delete" name="test_non_admin_cannot_delete_user" time="0.375" /></testsuite></testsuites>