<?xml version="1.0" encoding="utf-8"?><testsuites name="pytest tests"><testsuite name="pytest" errors="0" failures="0" skipped="0" tests="10" time="2.157" timestamp="2026-08-27T11:09:51.838109+00:00" hostname="agent-env-a778a06d-9ce8-45ab-be5d-235caae40879"><testcase classname="tests.test_iter4_notif_resume_elite" name="test_elite_login_returns_plan_elite" time="0.458" /><testcase classname="tests.test_iter4_notif_resume_elite" name="test_elite_access_config" time="0.051" /><testcase classname="tests.test_iter4_notif_resume_elite" name="test_elite_access_status" time="0.051" /><testcase classname="tests.test_iter4_notif_resume_elite" name="test_elite_access_telegram_status" time="0.095" /><testcase classname="tests.test_iter4_notif_resume_elite" name="test_elite_access_notifications" time="0.049" /><testcase classname="tests.test_iter4_notif_resume_elite" name="test_resume_idempotent_no_runner" time="0.051" /><testcase classname="tests.test_iter4_notif_resume_elite" name="test_resume_twice_idempotent" time="0.095" /><testcase classname="tests.test_iter4_notif_resume_elite" name="test_admin_sees_elite_user" time="0.324" /><testcase classname="tests.test_iter4_notif_resume_elite" name="test_seeded_notif_visible" time="0.058" /><testcase classname="tests.test_iter4_notif_resume_elite" name="test_mark_notif_read" time="0.099" /></testsuite></testsuites>