<?xml version="1.0" encoding="utf-8"?><testsuites name="pytest tests"><testsuite name="pytest" errors="0" failures="0" skipped="0" tests="130" time="87.098" timestamp="2026-08-28T12:23:27.747622+00:00" hostname="agent-env-b4fe4124-174e-46e5-87b4-d1cc952da2a5"><testcase classname="tests.backend_test" name="test_health" time="0.157" /><testcase classname="tests.backend_test.TestAuth" name="test_register_and_login" time="0.704" /><testcase classname="tests.backend_test.TestAuth" name="test_login_invalid" time="0.057" /><testcase classname="tests.backend_test.TestAuth" name="test_me_requires_auth" time="0.057" /><testcase classname="tests.backend_test.TestAutomation" name="test_get_config_default" time="0.347" /><testcase classname="tests.backend_test.TestAutomation" name="test_update_config" time="0.180" /><testcase classname="tests.backend_test.TestAutomation" name="test_status_default" time="0.061" /><testcase classname="tests.backend_test.TestAutomation" name="test_start_requires_connected_telegram" time="0.125" /><testcase classname="tests.backend_test.TestAutomation" name="test_start_without_target_returns_400" time="0.468" /><testcase classname="tests.backend_test.TestAutomation" name="test_pause_resume" time="0.121" /><testcase classname="tests.backend_test.TestAutomation" name="test_events" time="0.060" /><testcase classname="tests.backend_test.TestAutomation" name="test_notifications" time="0.059" /><testcase classname="tests.backend_test.TestAutomation" name="test_mark_all_read" time="0.059" /><testcase classname="tests.backend_test.TestTelegram" name="test_status" time="0.060" /><testcase classname="tests.backend_test.TestTelegram" name="test_save_credentials" time="0.059" /><testcase classname="tests.backend_test.TestTelegram" name="test_send_code_without_creds_fails" time="0.356" /><testcase classname="tests.backend_test.TestAdmin" name="test_admin_list_users" time="0.357" /><testcase classname="tests.backend_test.TestAdmin" name="test_admin_stats" time="0.067" /><testcase classname="tests.backend_test.TestAdmin" name="test_admin_update_user" time="0.060" /><testcase classname="tests.backend_test.TestAdmin" name="test_non_admin_forbidden" time="0.060" /><testcase classname="tests.test_bugfixes_iter2.TestConfigNewFields" name="test_defaults_present" time="0.407" /><testcase classname="tests.test_bugfixes_iter2.TestConfigNewFields" name="test_default_patterns_functional" time="0.066" /><testcase classname="tests.test_bugfixes_iter2.TestConfigNewFields" name="test_put_persists_new_fields" time="0.202" /><testcase classname="tests.test_bugfixes_iter2.TestAutomationRunnerPlumbing" name="test_runner_attributes_set_in_init" time="0.424" /><testcase classname="tests.test_bugfixes_iter2.TestAutomationRunnerPlumbing" name="test_wait_for_message_has_extend_on_active_kwarg" time="0.000" /><testcase classname="tests.test_bugfixes_iter2.TestAutomationRunnerPlumbing" name="test_resume_clears_verification_state" time="0.000" /><testcase classname="tests.test_bugfixes_iter2.TestAutomationRunnerPlumbing" name="test_handle_verification_no_click_and_debounce" time="0.002" /><testcase classname="tests.test_bugfixes_iter2.TestAutomationRunnerPlumbing" name="test_cycle_vip_passes_extend_on_active" time="0.001" /><testcase classname="tests.test_bugfixes_iter2.TestAutomationRunnerPlumbing" name="test_cycle_group_detects_session_done" time="0.001" /><testcase classname="tests.test_bugfixes_iter2.TestTelegramManagerHandlers" name="test_message_edited_handler_installed" time="0.001" /><testcase classname="tests.test_bugfixes_iter2.TestTelegramManagerHandlers" name="test_edited_handler_pushes_edited_type" time="0.001" /><testcase classname="tests.test_bugfixes_iter2.TestRegression" name="test_health" time="0.074" /><testcase classname="tests.test_bugfixes_iter2.TestRegression" name="test_admin_login" time="0.288" /><testcase classname="tests.test_bugfixes_iter2.TestRegression" name="test_events_endpoint" time="0.090" /><testcase classname="tests.test_bugfixes_iter2.TestRegression" name="test_notifications_endpoint" time="0.067" /><testcase classname="tests.test_bugfixes_iter2.TestRegression" name="test_pause_resume" time="0.135" /><testcase classname="tests.test_bugfixes_iter3" name="test_request_webview_import" time="0.001" /><testcase classname="tests.test_bugfixes_iter3.TestRunnerAttributes" name="test_init_has_new_attributes" time="0.001" /><testcase classname="tests.test_bugfixes_iter3.TestRunnerAttributes" name="test_has_session_likely_running_method" time="0.000" /><testcase classname="tests.test_bugfixes_iter3.TestRunnerAttributes" name="test_has_process_session_result_method" time="0.000" /><testcase classname="tests.test_bugfixes_iter3.TestRunnerAttributes" name="test_do_sell_signature_has_mancing_retry" time="0.000" /><testcase classname="tests.test_bugfixes_iter3.TestRunnerAttributes" name="test_handle_verification_still_exists" time="0.000" /><testcase classname="tests.test_bugfixes_iter3.TestRunnerAttributes" name="test_handle_verification_tries_webview_before_pause" time="0.002" /><testcase classname="tests.test_bugfixes_iter3.TestVipCycleGating" name="test_cycle_vip_gates_on_session_running" time="0.001" /><testcase classname="tests.test_bugfixes_iter3.TestVipCycleGating" name="test_extract_and_sell_awaits_konfirmasi" time="0.002" /><testcase classname="tests.test_bugfixes_iter3.TestRegressionEndpoints" name="test_health" time="0.124" /><testcase classname="tests.test_bugfixes_iter3.TestRegressionEndpoints" name="test_admin_users" time="0.354" /><testcase classname="tests.test_bugfixes_iter3.TestRegressionEndpoints" name="test_admin_stats" time="0.058" /><testcase classname="tests.test_iter10_reset_vipgating.TestAdminResetPassword" name="test_short_password_422" time="0.949" /><testcase classname="tests.test_iter10_reset_vipgating.TestAdminResetPassword" name="test_non_admin_403" time="0.125" /><testcase classname="tests.test_iter10_reset_vipgating.TestAdminResetPassword" name="test_no_auth_401" time="0.128" /><testcase classname="tests.test_iter10_reset_vipgating.TestAdminResetPassword" name="test_unknown_user_404" time="0.339" /><testcase classname="tests.test_iter10_reset_vipgating.TestAdminResetPassword" name="test_reset_and_login" time="1.051" /><testcase classname="tests.test_iter10_reset_vipgating.TestVipGating" name="test_free_plan_strips_extra_chats" time="0.908" /><testcase classname="tests.test_iter10_reset_vipgating.TestVipGating" name="test_basic_plan_strips_extra_chats" time="0.749" /><testcase classname="tests.test_iter10_reset_vipgating.TestVipGating" name="test_pro_plan_preserves_extra_chats" time="0.871" /><testcase classname="tests.test_iter10_reset_vipgating.TestVipGating" name="test_elite_plan_preserves_extra_chats" time="0.728" /><testcase classname="tests.test_iter10_reset_vipgating.TestVipGating" name="test_seeded_elite_user_preserves_and_revert" time="0.852" /><testcase classname="tests.test_iter10_reset_vipgating.TestGroupKickstartCode" name="test_engine_kickstart_present" time="0.127" /><testcase classname="tests.test_iter4_notif_resume_elite" name="test_elite_login_returns_plan_elite" time="0.349" /><testcase classname="tests.test_iter4_notif_resume_elite" name="test_elite_access_config" time="0.067" /><testcase classname="tests.test_iter4_notif_resume_elite" name="test_elite_access_status" time="0.069" /><testcase classname="tests.test_iter4_notif_resume_elite" name="test_elite_access_telegram_status" time="0.070" /><testcase classname="tests.test_iter4_notif_resume_elite" name="test_elite_access_notifications" time="0.064" /><testcase classname="tests.test_iter4_notif_resume_elite" name="test_resume_idempotent_no_runner" time="0.064" /><testcase classname="tests.test_iter4_notif_resume_elite" name="test_resume_twice_idempotent" time="0.130" /><testcase classname="tests.test_iter4_notif_resume_elite" name="test_admin_sees_elite_user" time="0.360" /><testcase classname="tests.test_iter4_notif_resume_elite" name="test_seeded_notif_visible" time="0.067" /><testcase classname="tests.test_iter4_notif_resume_elite" name="test_mark_notif_read" time="0.145" /><testcase classname="tests.test_iter5_boost_filter.TestConfigNewFields" name="test_get_config_defaults" time="0.811" /><testcase classname="tests.test_iter5_boost_filter.TestConfigNewFields" name="test_put_persists_new_fields" time="0.407" /><testcase classname="tests.test_iter5_boost_filter.TestEnginePlumbing" name="test_regex_patterns" time="0.000" /><testcase classname="tests.test_iter5_boost_filter.TestEnginePlumbing" name="test_runner_has_new_methods" time="0.000" /><testcase classname="tests.test_iter5_boost_filter.TestEnginePlumbing" name="test_extract_and_sell_calls_ensure_no_active_session" time="0.002" /><testcase classname="tests.test_iter5_boost_filter.TestEnginePlumbing" name="test_do_sell_waits_on_mancing" time="0.001" /><testcase classname="tests.test_iter5_boost_filter.TestEnginePlumbing" name="test_wait_for_message_uses_resolve_and_target_filter" time="0.001" /><testcase classname="tests.test_iter5_boost_filter.TestEnginePlumbing" name="test_join_group_button_handles_deeplink" time="0.001" /><testcase classname="tests.test_iter5_boost_filter.TestEnginePlumbing" name="test_cycle_group_pattern_is_pendaftaran_dibuka" time="0.001" /><testcase classname="tests.test_iter5_boost_filter.TestTelegramManagerPlumbing" name="test_user_telegram_has_filter_attrs" time="0.000" /><testcase classname="tests.test_iter5_boost_filter.TestTelegramManagerPlumbing" name="test_handlers_use_incoming_and_filter" time="0.001" /><testcase classname="tests.test_iter5_boost_filter.TestBoostTrigger" name="test_default_boost_pattern_matches_both_triggers" time="0.000" /><testcase classname="tests.test_iter6_live_api.TestHealthAuth" name="test_health" time="0.168" /><testcase classname="tests.test_iter6_live_api.TestHealthAuth" name="test_admin_login" time="0.303" /><testcase classname="tests.test_iter6_live_api.TestHealthAuth" name="test_login_wrong_password" time="0.318" /><testcase classname="tests.test_iter6_live_api.TestHealthAuth" name="test_me" time="0.513" /><testcase classname="tests.test_iter6_live_api.TestHealthAuth" name="test_me_no_token" time="0.076" /><testcase classname="tests.test_iter6_live_api.TestHealthAuth" name="test_me_bad_token" time="0.076" /><testcase classname="tests.test_iter6_live_api.TestHealthAuth" name="test_register_new_user_and_duplicate" time="0.631" /><testcase classname="tests.test_iter6_live_api.TestAutomationConfig" name="test_get_config_has_required_fields" time="0.103" /><testcase classname="tests.test_iter6_live_api.TestAutomationConfig" name="test_config_requires_auth" time="0.082" /><testcase classname="tests.test_iter6_live_api.TestAutomationConfig" name="test_update_config_persists" time="0.326" /><testcase classname="tests.test_iter6_live_api.TestAutomationConfig" name="test_config_isolated_per_user" time="0.426" /><testcase classname="tests.test_iter6_live_api.TestAutomationConfig" name="test_update_config_invalid_mode_rejected" time="0.180" /><testcase classname="tests.test_iter6_live_api.TestAutomationRuntime" name="test_status" time="0.066" /><testcase classname="tests.test_iter6_live_api.TestAutomationRuntime" name="test_events" time="0.123" /><testcase classname="tests.test_iter6_live_api.TestAutomationRuntime" name="test_events_limit_validation" time="0.073" /><testcase classname="tests.test_iter6_live_api.TestAutomationRuntime" name="test_notifications" time="0.082" /><testcase classname="tests.test_iter6_live_api.TestAutomationRuntime" name="test_notifications_read_all" time="0.132" /><testcase classname="tests.test_iter6_live_api.TestAutomationRuntime" name="test_mark_read_unknown_id" time="0.065" /><testcase classname="tests.test_iter6_live_api.TestAutomationRuntime" name="test_start_without_usernames_returns_400" time="0.672" /><testcase classname="tests.test_iter6_live_api.TestAutomationRuntime" name="test_start_with_bot_username_then_stop" time="0.485" /><testcase classname="tests.test_iter6_live_api.TestAutomationRuntime" name="test_pause_resume_do_not_500" time="0.142" /><testcase classname="tests.test_iter6_live_api.TestTelegram" name="test_status" time="0.074" /><testcase classname="tests.test_iter6_live_api.TestTelegram" name="test_status_requires_auth" time="0.078" /><testcase classname="tests.test_iter6_live_api.TestTelegram" name="test_send_code_without_creds_no_500" time="0.448" /><testcase classname="tests.test_iter6_live_api.TestTelegram" name="test_invalid_phone_format" time="0.076" /><testcase classname="tests.test_iter6_live_api.TestAdmin" name="test_list_users" time="0.071" /><testcase classname="tests.test_iter6_live_api.TestAdmin" name="test_stats" time="0.079" /><testcase classname="tests.test_iter6_live_api.TestAdmin" name="test_non_admin_forbidden" time="0.460" /><testcase classname="tests.test_iter6_live_api.TestAdmin" name="test_update_user_plan" time="0.462" /><testcase classname="tests.test_iter7_config_persist" name="test_login_bad_password" time="0.385" /><testcase classname="tests.test_iter7_config_persist" name="test_me" time="0.390" /><testcase classname="tests.test_iter7_config_persist" name="test_config_get" time="0.081" /><testcase classname="tests.test_iter7_config_persist" name="test_config_put_persists" time="0.325" /><testcase classname="tests.test_iter7_config_persist" name="test_config_requires_auth" time="0.137" /><testcase classname="tests.test_iter7_config_persist" name="test_notifications_endpoint" time="0.080" /><testcase classname="tests.test_iter7_config_persist" name="test_status_endpoint" time="0.081" /><testcase classname="tests.test_iter8_multiaccount.TestAccountsList" name="test_list_autocreates_default_and_plan_meta" time="0.479" /><testcase classname="tests.test_iter8_multiaccount.TestAccountsList" name="test_requires_auth" time="0.110" /><testcase classname="tests.test_iter8_multiaccount.TestPlanLimit" name="test_create_up_to_limit_then_403" time="0.860" /><testcase classname="tests.test_iter8_multiaccount.TestPlanLimit" name="test_delete_account_and_verify_removal" time="50.602" /><testcase classname="tests.test_iter8_multiaccount.TestPlanLimit" name="test_delete_unknown_returns_404" time="6.351" /><testcase classname="tests.test_iter8_multiaccount.TestPlanLimit" name="test_cannot_delete_last_account" time="0.305" /><testcase classname="tests.test_iter8_multiaccount.TestIsolation" name="test_config_isolated_per_account" time="0.694" /><testcase classname="tests.test_iter8_multiaccount.TestIsolation" name="test_status_isolated_per_account" time="0.283" /><testcase classname="tests.test_iter8_multiaccount.TestIsolation" name="test_events_isolated_per_account" time="0.286" /><testcase classname="tests.test_iter8_multiaccount.TestIsolation" name="test_unknown_account_id_falls_back_to_default" time="0.337" /><testcase classname="tests.test_iter8_multiaccount.TestIsolation" name="test_cross_user_account_id_rejected" time="0.129" /><testcase classname="tests.test_iter8_multiaccount.TestLogRetention" name="test_elite_log_days_90" time="0.113" /><testcase classname="tests.test_iter8_multiaccount.TestLogRetention" name="test_log_days_follows_plan_change" time="2.868" /></testsuite></testsuites>