<?xml version="1.0" encoding="utf-8"?><testsuites name="pytest tests"><testsuite name="pytest" errors="0" failures="0" skipped="0" tests="189" time="66.033" timestamp="2026-08-31T11:56:38.317304+00:00" hostname="agent-env-a778a06d-9ce8-45ab-be5d-235caae40879"><testcase classname="tests.test_iter13_security" name="test_admin_login_new_password" time="0.487" /><testcase classname="tests.test_iter13_security" name="test_admin_old_password_rejected" time="0.440" /><testcase classname="tests.test_iter4_notif_resume_elite" name="test_elite_login_returns_plan_elite" time="0.699" /><testcase classname="tests.test_iter4_notif_resume_elite" name="test_elite_access_config" time="0.217" /><testcase classname="tests.test_iter4_notif_resume_elite" name="test_elite_access_status" time="0.059" /><testcase classname="tests.test_iter13_security" name="test_user_login_cookie_auth" time="0.456" /><testcase classname="tests.test_iter4_notif_resume_elite" name="test_elite_access_telegram_status" time="0.050" /><testcase classname="tests.test_iter4_notif_resume_elite" name="test_elite_access_notifications" time="0.241" /><testcase classname="tests.test_iter4_notif_resume_elite" name="test_resume_idempotent_no_runner" time="0.046" /><testcase classname="tests.test_iter4_notif_resume_elite" name="test_resume_twice_idempotent" time="0.116" /><testcase classname="tests.test_iter13_security" name="test_dashboard_endpoints_cookie_auth[/api/automation/status]" time="0.630" /><testcase classname="tests.test_iter4_notif_resume_elite" name="test_admin_sees_elite_user" time="0.535" /><testcase classname="tests.test_iter4_notif_resume_elite" name="test_seeded_notif_visible" time="0.065" /><testcase classname="tests.test_iter13_security" name="test_dashboard_endpoints_cookie_auth[/api/automation/notifications]" time="0.442" /><testcase classname="tests.test_iter4_notif_resume_elite" name="test_mark_notif_read" time="0.354" /><testcase classname="tests.test_iter13_security" name="test_dashboard_endpoints_cookie_auth[/api/automation/events]" time="0.581" /><testcase classname="tests.backend_test.TestAutomation" name="test_get_config_default" time="0.556" /><testcase classname="tests.backend_test.TestAutomation" name="test_update_config" time="0.154" /><testcase classname="tests.test_iter13_security" name="test_dashboard_endpoints_cookie_auth[/api/telegram/status]" time="0.455" /><testcase classname="tests.backend_test.TestAutomation" name="test_status_default" time="0.064" /><testcase classname="tests.backend_test.TestAutomation" name="test_start_requires_connected_telegram" time="0.409" /><testcase classname="tests.test_iter13_security" name="test_dashboard_endpoints_cookie_auth[/api/automation/config]" time="0.678" /><testcase classname="tests.backend_test.TestAutomation" name="test_start_without_target_returns_400" time="0.673" /><testcase classname="tests.test_iter13_security" name="test_config_save_normal_ok" time="0.525" /><testcase classname="tests.backend_test.TestAutomation" name="test_pause_resume" time="0.341" /><testcase classname="tests.backend_test.TestAutomation" name="test_events" time="0.091" /><testcase classname="tests.backend_test.TestAutomation" name="test_notifications" time="0.060" /><testcase classname="tests.test_iter13_security" name="test_config_save_redos_pattern_rejected" time="0.641" /><testcase classname="tests.backend_test.TestAutomation" name="test_mark_all_read" time="0.046" /><testcase classname="tests.test_iter12_cookie_auth_admin_delete" name="test_login_sets_httponly_cookie_and_returns_token" time="0.530" /><testcase classname="tests.test_iter12_cookie_auth_admin_delete" name="test_me_works_with_cookie_only_no_header" time="0.602" /><testcase classname="tests.test_iter13_security" name="test_config_save_invalid_regex_rejected" time="0.703" /><testcase classname="tests.test_iter12_cookie_auth_admin_delete" name="test_me_no_cookie_no_header_returns_401" time="0.108" /><testcase classname="tests.test_iter12_cookie_auth_admin_delete" name="test_logout_clears_cookie_and_me_returns_401" time="0.658" /><testcase classname="tests.test_iter13_security" name="test_config_save_long_pattern_rejected" time="0.663" /><testcase classname="tests.test_iter12_cookie_auth_admin_delete" name="test_header_bearer_still_works_as_fallback" time="0.511" /><testcase classname="tests.test_iter13_security" name="test_login_bruteforce_lockout" time="0.615" /><testcase classname="tests.test_iter13_security" name="test_register_short_password_rejected" time="0.222" /><testcase classname="tests.test_iter13_security" name="test_register_valid_password_ok" time="1.217" /><testcase classname="tests.test_iter12_cookie_auth_admin_delete" name="test_admin_delete_throwaway_user" time="1.085" /><testcase classname="tests.test_iter12_cookie_auth_admin_delete" name="test_admin_cannot_delete_self" time="0.535" /><testcase classname="tests.test_iter13_security" name="test_admin_delete_user_flow_and_self_delete_blocked" time="0.920" /><testcase classname="tests.test_iter12_cookie_auth_admin_delete" name="test_admin_delete_nonexistent_returns_404" time="0.750" /><testcase classname="tests.test_iter12_cookie_auth_admin_delete" name="test_non_admin_cannot_delete_user" time="0.586" /><testcase classname="tests.test_iter13_security" name="test_logout_clears_cookie" time="0.627" /><testcase classname="tests.test_iter15_group_reopen_verify_resume" name="test_config_has_new_patterns" time="0.000" /><testcase classname="tests.test_iter15_group_reopen_verify_resume" name="test_group_reopens_on_cancelled" time="3.009" /><testcase classname="tests.test_iter6_live_api.TestAutomationRuntime" name="test_status" time="0.586" /><testcase classname="tests.test_iter6_live_api.TestAutomationRuntime" name="test_events" time="0.082" /><testcase classname="tests.test_iter6_live_api.TestAutomationRuntime" name="test_events_limit_validation" time="0.078" /><testcase classname="tests.test_iter6_live_api.TestAutomationRuntime" name="test_notifications" time="0.080" /><testcase classname="tests.test_iter6_live_api.TestAutomationRuntime" name="test_notifications_read_all" time="0.161" /><testcase classname="tests.test_iter6_live_api.TestAutomationRuntime" name="test_mark_read_unknown_id" time="0.079" /><testcase classname="tests.test_iter6_live_api.TestAutomationRuntime" name="test_start_without_usernames_returns_400" time="0.712" /><testcase classname="tests.test_iter6_live_api.TestAutomationRuntime" name="test_start_with_bot_username_then_stop" time="0.396" /><testcase classname="tests.test_iter6_live_api.TestAutomationRuntime" name="test_pause_resume_do_not_500" time="0.155" /><testcase classname="tests.test_iter5_boost_filter.TestEnginePlumbing" name="test_regex_patterns" time="0.000" /><testcase classname="tests.test_iter5_boost_filter.TestEnginePlumbing" name="test_runner_has_new_methods" time="0.000" /><testcase classname="tests.test_iter5_boost_filter.TestEnginePlumbing" name="test_extract_and_sell_calls_ensure_no_active_session" time="0.003" /><testcase classname="tests.test_iter5_boost_filter.TestEnginePlumbing" name="test_do_sell_waits_on_mancing" time="0.001" /><testcase classname="tests.test_iter5_boost_filter.TestEnginePlumbing" name="test_wait_for_message_uses_resolve_and_target_filter" time="0.001" /><testcase classname="tests.test_iter5_boost_filter.TestEnginePlumbing" name="test_join_group_button_handles_deeplink" time="0.001" /><testcase classname="tests.test_iter5_boost_filter.TestEnginePlumbing" name="test_cycle_group_pattern_is_pendaftaran_dibuka" time="0.001" /><testcase classname="tests.test_iter6_live_api.TestHealthAuth" name="test_health" time="0.189" /><testcase classname="tests.test_iter6_live_api.TestHealthAuth" name="test_admin_login" time="0.351" /><testcase classname="tests.test_iter15_group_reopen_verify_resume" name="test_resend_pending_after_verify_manual_resume" time="0.003" /><testcase classname="tests.test_iter15_group_reopen_verify_resume" name="test_resend_pending_noop_when_not_paused_for_verify" time="0.002" /><testcase classname="tests.test_iter15_group_reopen_verify_resume" name="test_boost_perahu_sent_to_configured_bot" time="0.002" /><testcase classname="tests.test_iter15_group_reopen_verify_resume" name="test_boost_skipped_when_disabled" time="0.003" /><testcase classname="tests.test_iter15_group_reopen_verify_resume" name="test_resend_pending_force_after_auto_verify" time="0.002" /><testcase classname="tests.test_iter7_config_persist" name="test_login_bad_password" time="0.564" /><testcase classname="tests.test_iter6_live_api.TestHealthAuth" name="test_login_wrong_password" time="0.311" /><testcase classname="tests.test_iter6_live_api.TestHealthAuth" name="test_me" time="0.662" /><testcase classname="tests.test_iter6_live_api.TestHealthAuth" name="test_me_no_token" time="0.073" /><testcase classname="tests.test_iter7_config_persist" name="test_me" time="0.520" /><testcase classname="tests.test_iter6_live_api.TestHealthAuth" name="test_me_bad_token" time="0.083" /><testcase classname="tests.test_iter7_config_persist" name="test_config_get" time="0.077" /><testcase classname="tests.test_iter6_live_api.TestHealthAuth" name="test_register_new_user_and_duplicate" time="0.768" /><testcase classname="tests.test_iter7_config_persist" name="test_config_put_persists" time="0.548" /><testcase classname="tests.test_iter7_config_persist" name="test_config_requires_auth" time="0.119" /><testcase classname="tests.test_iter7_config_persist" name="test_notifications_endpoint" time="0.076" /><testcase classname="tests.test_iter7_config_persist" name="test_status_endpoint" time="0.112" /><testcase classname="tests.test_bugfixes_iter2.TestAutomationRunnerPlumbing" name="test_runner_attributes_set_in_init" time="0.001" /><testcase classname="tests.test_bugfixes_iter2.TestAutomationRunnerPlumbing" name="test_wait_for_message_has_extend_on_active_kwarg" time="0.000" /><testcase classname="tests.test_bugfixes_iter2.TestAutomationRunnerPlumbing" name="test_resume_clears_verification_state" time="0.000" /><testcase classname="tests.test_bugfixes_iter2.TestAutomationRunnerPlumbing" name="test_handle_verification_no_click_and_debounce" time="0.002" /><testcase classname="tests.test_bugfixes_iter2.TestAutomationRunnerPlumbing" name="test_cycle_vip_passes_extend_on_active" time="0.001" /><testcase classname="tests.test_bugfixes_iter2.TestAutomationRunnerPlumbing" name="test_cycle_group_detects_session_done" time="0.001" /><testcase classname="tests.test_bugfixes_iter2.TestRegression" name="test_health" time="0.132" /><testcase classname="tests.test_bugfixes_iter3.TestRunnerAttributes" name="test_init_has_new_attributes" time="0.001" /><testcase classname="tests.test_bugfixes_iter3.TestRunnerAttributes" name="test_has_session_likely_running_method" time="0.000" /><testcase classname="tests.test_bugfixes_iter3.TestRunnerAttributes" name="test_has_process_session_result_method" time="0.000" /><testcase classname="tests.test_bugfixes_iter3.TestRunnerAttributes" name="test_do_sell_signature_has_mancing_retry" time="0.000" /><testcase classname="tests.test_bugfixes_iter3.TestRunnerAttributes" name="test_handle_verification_still_exists" time="0.000" /><testcase classname="tests.test_bugfixes_iter3.TestRunnerAttributes" name="test_handle_verification_tries_webview_before_pause" time="0.002" /><testcase classname="tests.test_bugfixes_iter2.TestRegression" name="test_admin_login" time="0.276" /><testcase classname="tests.test_bugfixes_iter2.TestRegression" name="test_events_endpoint" time="0.671" /><testcase classname="tests.test_bugfixes_iter2.TestRegression" name="test_notifications_endpoint" time="0.070" /><testcase classname="tests.test_bugfixes_iter2.TestRegression" name="test_pause_resume" time="0.158" /><testcase classname="tests.test_iter10_reset_vipgating.TestAdminResetPassword" name="test_short_password_422" time="1.273" /><testcase classname="tests.test_iter10_reset_vipgating.TestAdminResetPassword" name="test_non_admin_403" time="0.278" /><testcase classname="tests.test_iter10_reset_vipgating.TestAdminResetPassword" name="test_no_auth_401" time="0.116" /><testcase classname="tests.test_iter10_reset_vipgating.TestAdminResetPassword" name="test_unknown_user_404" time="0.472" /><testcase classname="tests.test_iter10_reset_vipgating.TestAdminResetPassword" name="test_reset_and_login" time="1.383" /><testcase classname="tests.test_iter10_reset_vipgating.TestVipGating" name="test_free_plan_strips_extra_chats" time="2.385" /><testcase classname="tests.test_iter10_reset_vipgating.TestVipGating" name="test_basic_plan_strips_extra_chats" time="1.147" /><testcase classname="tests.test_iter6_live_api.TestAutomationConfig" name="test_get_config_has_required_fields" time="0.482" /><testcase classname="tests.test_iter6_live_api.TestAutomationConfig" name="test_config_requires_auth" time="0.255" /><testcase classname="tests.test_iter6_live_api.TestAutomationConfig" name="test_update_config_persists" time="0.207" /><testcase classname="tests.test_iter6_live_api.TestAutomationConfig" name="test_config_isolated_per_user" time="0.432" /><testcase classname="tests.test_iter10_reset_vipgating.TestVipGating" name="test_pro_plan_preserves_extra_chats" time="1.143" /><testcase classname="tests.test_iter6_live_api.TestAutomationConfig" name="test_update_config_invalid_mode_rejected" time="0.325" /><testcase classname="tests.test_iter10_reset_vipgating.TestVipGating" name="test_elite_plan_preserves_extra_chats" time="0.867" /><testcase classname="tests.test_iter8_multiaccount.TestIsolation" name="test_config_isolated_per_account" time="1.525" /><testcase classname="tests.test_iter8_multiaccount.TestIsolation" name="test_status_isolated_per_account" time="0.356" /><testcase classname="tests.test_iter10_reset_vipgating.TestVipGating" name="test_seeded_elite_user_preserves_and_revert" time="0.909" /><testcase classname="tests.test_iter8_multiaccount.TestIsolation" name="test_events_isolated_per_account" time="0.343" /><testcase classname="tests.test_iter8_multiaccount.TestIsolation" name="test_unknown_account_id_falls_back_to_default" time="0.259" /><testcase classname="tests.backend_test.TestAdmin" name="test_admin_list_users" time="0.601" /><testcase classname="tests.test_iter8_multiaccount.TestIsolation" name="test_cross_user_account_id_rejected" time="0.909" /><testcase classname="tests.backend_test.TestAdmin" name="test_admin_stats" time="0.065" /><testcase classname="tests.backend_test.TestAdmin" name="test_admin_update_user" time="0.346" /><testcase classname="tests.backend_test.TestAdmin" name="test_non_admin_forbidden" time="0.054" /><testcase classname="tests.test_iter16_admin_deactivate_guards" name="test_admin_login_works" time="0.455" /><testcase classname="tests.test_iter16_admin_deactivate_guards" name="test_admin_cannot_deactivate_self" time="0.599" /><testcase classname="tests.test_iter14_operator_admin.TestAdminCreatesOperator" name="test_create_and_new_operator_login" time="1.414" /><testcase classname="tests.test_iter16_admin_deactivate_guards" name="test_admin_cannot_deactivate_last_active_admin" time="0.183" /><testcase classname="tests.test_iter16_admin_deactivate_guards" name="test_admin_can_deactivate_and_reactivate_non_admin_user" time="1.962" /><testcase classname="tests.test_iter14_operator_admin.TestAdminCreatesOperator" name="test_create_password_min_length" time="0.225" /><testcase classname="tests.test_iter14_operator_admin.TestAdminCreatesOperator" name="test_create_duplicate_email" time="0.095" /><testcase classname="tests.test_iter14_operator_admin.TestAdminCreatesOperator" name="test_non_admin_cannot_create" time="0.658" /><testcase classname="tests.test_iter6_live_api.TestTelegram" name="test_status" time="0.848" /><testcase classname="tests.test_iter6_live_api.TestTelegram" name="test_status_requires_auth" time="0.100" /><testcase classname="tests.test_iter18_api_regression" name="test_admin_login" time="0.612" /><testcase classname="tests.test_iter6_live_api.TestTelegram" name="test_send_code_without_creds_no_500" time="0.514" /><testcase classname="tests.test_iter6_live_api.TestTelegram" name="test_invalid_phone_format" time="0.110" /><testcase classname="tests.test_iter18_api_regression" name="test_elite_login" time="4.583" /><testcase classname="tests.test_iter6_live_api.TestAdmin" name="test_list_users" time="0.084" /><testcase classname="tests.test_iter6_live_api.TestAdmin" name="test_stats" time="0.073" /><testcase classname="tests.test_iter6_live_api.TestAdmin" name="test_non_admin_forbidden" time="4.531" /><testcase classname="tests.test_iter18_api_regression" name="test_config_round_trip_has_boost_fields" time="0.876" /><testcase classname="tests.test_iter6_live_api.TestAdmin" name="test_update_user_plan" time="0.690" /><testcase classname="tests.test_iter18_api_regression" name="test_admin_create_and_delete_user" time="1.564" /><testcase classname="tests.test_iter8_multiaccount.TestPlanLimit" name="test_create_up_to_limit_then_403" time="1.321" /><testcase classname="tests.test_iter8_multiaccount.TestPlanLimit" name="test_delete_account_and_verify_removal" time="0.610" /><testcase classname="tests.backend_test.TestAuth" name="test_register_and_login" time="0.687" /><testcase classname="tests.test_iter8_multiaccount.TestPlanLimit" name="test_delete_unknown_returns_404" time="0.280" /><testcase classname="tests.backend_test.TestAuth" name="test_login_invalid" time="0.279" /><testcase classname="tests.backend_test.TestAuth" name="test_me_requires_auth" time="0.054" /><testcase classname="tests.test_iter8_multiaccount.TestPlanLimit" name="test_cannot_delete_last_account" time="1.080" /><testcase classname="tests.test_bugfixes_iter2.TestConfigNewFields" name="test_defaults_present" time="0.381" /><testcase classname="tests.test_bugfixes_iter2.TestConfigNewFields" name="test_default_patterns_functional" time="0.044" /><testcase classname="tests.test_bugfixes_iter2.TestConfigNewFields" name="test_put_persists_new_fields" time="0.164" /><testcase classname="tests.test_bugfixes_iter3.TestRegressionEndpoints" name="test_health" time="0.147" /><testcase classname="tests.backend_test.TestTelegram" name="test_status" time="0.046" /><testcase classname="tests.backend_test.TestTelegram" name="test_save_credentials" time="0.061" /><testcase classname="tests.backend_test.TestTelegram" name="test_send_code_without_creds_fails" time="0.563" /><testcase classname="tests.test_bugfixes_iter3.TestRegressionEndpoints" name="test_admin_users" time="0.546" /><testcase classname="tests.test_bugfixes_iter3.TestRegressionEndpoints" name="test_admin_stats" time="0.107" /><testcase classname="tests.test_iter14_operator_admin.TestRegression" name="test_admin_login_still_works" time="0.576" /><testcase classname="tests.test_iter17_account_delete" name="test_delete_non_last_account_ok" time="0.931" /><testcase classname="tests.test_iter17_account_delete" name="test_cannot_delete_last_account" time="0.313" /><testcase classname="tests.test_iter14_operator_admin.TestRegression" name="test_user_login_still_works" time="0.647" /><testcase classname="tests.test_iter14_operator_admin.TestRegression" name="test_logout_clears_cookie" time="0.497" /><testcase classname="tests.test_iter17_account_delete" name="test_delete_removes_telegram_sessions_doc" time="0.414" /><testcase classname="tests.test_bugfixes_iter3.TestVipCycleGating" name="test_cycle_vip_gates_on_session_running" time="0.001" /><testcase classname="tests.test_bugfixes_iter3.TestVipCycleGating" name="test_extract_and_sell_awaits_konfirmasi" time="0.002" /><testcase classname="tests.test_bugfixes_iter2.TestTelegramManagerHandlers" name="test_message_edited_handler_installed" time="0.001" /><testcase classname="tests.test_bugfixes_iter2.TestTelegramManagerHandlers" name="test_edited_handler_pushes_edited_type" time="0.001" /><testcase classname="tests.test_iter14_operator_admin.TestAccountLabels" name="test_default_account_and_label_rename" time="0.927" /><testcase classname="tests.test_iter14_operator_admin.TestAccountLabels" name="test_create_account_with_label" time="0.166" /><testcase classname="tests.test_iter5_boost_filter.TestConfigNewFields" name="test_get_config_defaults" time="1.104" /><testcase classname="tests.test_iter5_boost_filter.TestConfigNewFields" name="test_put_persists_new_fields" time="0.576" /><testcase classname="tests.test_iter15_config_status.TestConfigNewFields" name="test_get_config_has_new_fields_and_defaults" time="0.442" /><testcase classname="tests.test_iter15_config_status.TestConfigNewFields" name="test_put_config_roundtrip_new_fields" time="0.519" /><testcase classname="tests.test_iter5_boost_filter.TestTelegramManagerPlumbing" name="test_user_telegram_has_filter_attrs" time="0.000" /><testcase classname="tests.test_iter5_boost_filter.TestTelegramManagerPlumbing" name="test_handlers_use_incoming_and_filter" time="0.001" /><testcase classname="tests.test_iter8_multiaccount.TestLogRetention" name="test_elite_log_days_90" time="0.712" /><testcase classname="tests.test_iter8_multiaccount.TestAccountsList" name="test_list_autocreates_default_and_plan_meta" time="0.485" /><testcase classname="tests.test_iter8_multiaccount.TestLogRetention" name="test_log_days_follows_plan_change" time="23.351" /><testcase classname="tests.test_iter8_multiaccount.TestAccountsList" name="test_requires_auth" time="0.139" /><testcase classname="tests.test_bugfixes_iter3" name="test_request_webview_import" time="0.001" /><testcase classname="tests.test_iter14_operator_admin.TestPublicRegistration" name="test_register_endpoint_contract" time="0.905" /><testcase classname="tests.test_iter14_operator_admin.TestOperatorIsolation" name="test_two_operators_see_different_lists" time="2.041" /><testcase classname="tests.test_iter15_config_status.TestMultiAccountStatus" name="test_status_per_account_isolation" time="6.019" /><testcase classname="tests.test_iter19_session_lease" name="test_session_lease_cross_process" time="0.009" /><testcase classname="tests.test_iter5_boost_filter.TestBoostTrigger" name="test_default_boost_pattern_matches_both_triggers" time="0.001" /><testcase classname="tests.backend_test" name="test_health" time="0.061" /><testcase classname="tests.test_iter10_reset_vipgating.TestGroupKickstartCode" name="test_engine_kickstart_present" time="0.002" /></testsuite></testsuites>