<?xml version="1.0" encoding="utf-8"?><testsuites name="pytest tests"><testsuite name="pytest" errors="0" failures="0" skipped="0" tests="17" time="7.419" timestamp="2026-08-29T06:38:36.039708+00:00" hostname="agent-env-a778a06d-9ce8-45ab-be5d-235caae40879"><testcase classname="tests.test_iter13_security" name="test_admin_login_new_password" time="0.394" /><testcase classname="tests.test_iter13_security" name="test_admin_old_password_rejected" time="0.349" /><testcase classname="tests.test_iter13_security" name="test_user_login_cookie_auth" time="0.361" /><testcase classname="tests.test_iter13_security" name="test_dashboard_endpoints_cookie_auth[/api/automation/status]" time="0.384" /><testcase classname="tests.test_iter13_security" name="test_dashboard_endpoints_cookie_auth[/api/automation/notifications]" time="0.388" /><testcase classname="tests.test_iter13_security" name="test_dashboard_endpoints_cookie_auth[/api/automation/events]" time="0.371" /><testcase classname="tests.test_iter13_security" name="test_dashboard_endpoints_cookie_auth[/api/telegram/status]" time="0.378" /><testcase classname="tests.test_iter13_security" name="test_dashboard_endpoints_cookie_auth[/api/automation/config]" time="0.388" /><testcase classname="tests.test_iter13_security" name="test_config_save_normal_ok" time="0.411" /><testcase classname="tests.test_iter13_security" name="test_config_save_redos_pattern_rejected" time="0.408" /><testcase classname="tests.test_iter13_security" name="test_config_save_invalid_regex_rejected" time="0.444" /><testcase classname="tests.test_iter13_security" name="test_config_save_long_pattern_rejected" time="0.405" /><testcase classname="tests.test_iter13_security" name="test_login_bruteforce_lockout" time="0.380" /><testcase classname="tests.test_iter13_security" name="test_register_short_password_rejected" time="0.107" /><testcase classname="tests.test_iter13_security" name="test_register_valid_password_ok" time="0.681" /><testcase classname="tests.test_iter13_security" name="test_admin_delete_user_flow_and_self_delete_blocked" time="0.762" /><testcase classname="tests.test_iter13_security" name="test_logout_clears_cookie" time="0.437" /></testsuite></testsuites>