<?xml version="1.0" encoding="utf-8"?><testsuites name="pytest tests"><testsuite name="pytest" errors="0" failures="0" skipped="0" tests="13" time="6.731" timestamp="2026-08-28T10:38:07.055213+00:00" hostname="agent-env-b4fe4124-174e-46e5-87b4-d1cc952da2a5"><testcase classname="tests.test_iter8_multiaccount.TestAccountsList" name="test_list_autocreates_default_and_plan_meta" time="0.488" /><testcase classname="tests.test_iter8_multiaccount.TestAccountsList" name="test_requires_auth" time="0.094" /><testcase classname="tests.test_iter8_multiaccount.TestPlanLimit" name="test_create_up_to_limit_then_403" time="1.024" /><testcase classname="tests.test_iter8_multiaccount.TestPlanLimit" name="test_delete_account_and_verify_removal" time="0.825" /><testcase classname="tests.test_iter8_multiaccount.TestPlanLimit" name="test_delete_unknown_returns_404" time="0.095" /><testcase classname="tests.test_iter8_multiaccount.TestPlanLimit" name="test_cannot_delete_last_account" time="0.224" /><testcase classname="tests.test_iter8_multiaccount.TestIsolation" name="test_config_isolated_per_account" time="0.502" /><testcase classname="tests.test_iter8_multiaccount.TestIsolation" name="test_status_isolated_per_account" time="0.254" /><testcase classname="tests.test_iter8_multiaccount.TestIsolation" name="test_events_isolated_per_account" time="0.207" /><testcase classname="tests.test_iter8_multiaccount.TestIsolation" name="test_unknown_account_id_falls_back_to_default" time="0.207" /><testcase classname="tests.test_iter8_multiaccount.TestIsolation" name="test_cross_user_account_id_rejected" time="0.125" /><testcase classname="tests.test_iter8_multiaccount.TestLogRetention" name="test_elite_log_days_90" time="0.141" /><testcase classname="tests.test_iter8_multiaccount.TestLogRetention" name="test_log_days_follows_plan_change" time="2.470" /></testsuite></testsuites>