<?xml version="1.0" encoding="utf-8"?><testsuites name="pytest tests"><testsuite name="pytest" errors="0" failures="2" skipped="0" tests="20" time="3.045" timestamp="2026-08-28T11:22:58.267339+00:00" hostname="agent-env-b4fe4124-174e-46e5-87b4-d1cc952da2a5"><testcase classname="tests.backend_test" name="test_health" time="0.119" /><testcase classname="tests.backend_test.TestAuth" name="test_register_and_login" time="0.680" /><testcase classname="tests.backend_test.TestAuth" name="test_login_invalid" time="0.043" /><testcase classname="tests.backend_test.TestAuth" name="test_me_requires_auth" time="0.080" /><testcase classname="tests.backend_test.TestAutomation" name="test_get_config_default" time="0.310"><failure message="AssertionError: assert 'b6bdbd5a-d1d...-0aa236caec47' == 'b6bdbd5a-d1d...-62015eefaf7d'&#10;  &#10;  - b6bdbd5a-d1d9-4b0f-af55-62015eefaf7d&#10;  + b6bdbd5a-d1d9-4b0f-af55-62015eefaf7d:a560b20d-5b54-460b-b66b-0aa236caec47">tests/backend_test.py:102: in test_get_config_default
    assert cfg["user_id"] == user_ctx["id"]
E   AssertionError: assert 'b6bdbd5a-d1d...-0aa236caec47' == 'b6bdbd5a-d1d...-62015eefaf7d'
E     
E     - b6bdbd5a-d1d9-4b0f-af55-62015eefaf7d
E     + b6bdbd5a-d1d9-4b0f-af55-62015eefaf7d:a560b20d-5b54-460b-b66b-0aa236caec47</failure></testcase><testcase classname="tests.backend_test.TestAutomation" name="test_update_config" time="0.127" /><testcase classname="tests.backend_test.TestAutomation" name="test_status_default" time="0.042" /><testcase classname="tests.backend_test.TestAutomation" name="test_start_stop" time="0.043"><failure message="AssertionError: {&quot;detail&quot;:&quot;Hubungkan akun Telegram dulu di menu Telegram sebelum Start&quot;}&#10;assert 400 == 200&#10; +  where 400 = &lt;Response [400]&gt;.status_code">tests/backend_test.py:126: in test_start_stop
    assert r.status_code == 200, r.text
E   AssertionError: {"detail":"Hubungkan akun Telegram dulu di menu Telegram sebelum Start"}
E   assert 400 == 200
E    +  where 400 = &lt;Response [400]&gt;.status_code</failure></testcase><testcase classname="tests.backend_test.TestAutomation" name="test_start_without_target_returns_400" time="0.397" /><testcase classname="tests.backend_test.TestAutomation" name="test_pause_resume" time="0.126" /><testcase classname="tests.backend_test.TestAutomation" name="test_events" time="0.049" /><testcase classname="tests.backend_test.TestAutomation" name="test_notifications" time="0.044" /><testcase classname="tests.backend_test.TestAutomation" name="test_mark_all_read" time="0.043" /><testcase classname="tests.backend_test.TestTelegram" name="test_status" time="0.044" /><testcase classname="tests.backend_test.TestTelegram" name="test_save_credentials" time="0.046" /><testcase classname="tests.backend_test.TestTelegram" name="test_send_code_without_creds_fails" time="0.309" /><testcase classname="tests.backend_test.TestAdmin" name="test_admin_list_users" time="0.316" /><testcase classname="tests.backend_test.TestAdmin" name="test_admin_stats" time="0.043" /><testcase classname="tests.backend_test.TestAdmin" name="test_admin_update_user" time="0.046" /><testcase classname="tests.backend_test.TestAdmin" name="test_non_admin_forbidden" time="0.042" /></testsuite></testsuites>