<?xml version="1.0" encoding="utf-8"?><testsuites name="pytest tests"><testsuite name="pytest" errors="0" failures="0" skipped="0" tests="69" time="18.640" timestamp="2026-08-28T11:23:32.359911+00:00" hostname="agent-env-b4fe4124-174e-46e5-87b4-d1cc952da2a5"><testcase classname="tests.backend_test" name="test_health" time="0.220" /><testcase classname="tests.backend_test.TestAuth" name="test_register_and_login" time="0.723" /><testcase classname="tests.backend_test.TestAuth" name="test_login_invalid" time="0.063" /><testcase classname="tests.backend_test.TestAuth" name="test_me_requires_auth" time="0.071" /><testcase classname="tests.backend_test.TestAutomation" name="test_get_config_default" time="0.355" /><testcase classname="tests.backend_test.TestAutomation" name="test_update_config" time="0.213" /><testcase classname="tests.backend_test.TestAutomation" name="test_status_default" time="0.061" /><testcase classname="tests.backend_test.TestAutomation" name="test_start_requires_connected_telegram" time="0.130" /><testcase classname="tests.backend_test.TestAutomation" name="test_start_without_target_returns_400" time="0.476" /><testcase classname="tests.backend_test.TestAutomation" name="test_pause_resume" time="0.131" /><testcase classname="tests.backend_test.TestAutomation" name="test_events" time="0.062" /><testcase classname="tests.backend_test.TestAutomation" name="test_notifications" time="0.066" /><testcase classname="tests.backend_test.TestAutomation" name="test_mark_all_read" time="0.064" /><testcase classname="tests.backend_test.TestTelegram" name="test_status" time="0.065" /><testcase classname="tests.backend_test.TestTelegram" name="test_save_credentials" time="0.065" /><testcase classname="tests.backend_test.TestTelegram" name="test_send_code_without_creds_fails" time="0.349" /><testcase classname="tests.backend_test.TestAdmin" name="test_admin_list_users" time="0.351" /><testcase classname="tests.backend_test.TestAdmin" name="test_admin_stats" time="0.075" /><testcase classname="tests.backend_test.TestAdmin" name="test_admin_update_user" time="0.068" /><testcase classname="tests.backend_test.TestAdmin" name="test_non_admin_forbidden" time="0.064" /><testcase classname="tests.test_iter6_live_api.TestHealthAuth" name="test_health" time="0.241" /><testcase classname="tests.test_iter6_live_api.TestHealthAuth" name="test_admin_login" time="0.307" /><testcase classname="tests.test_iter6_live_api.TestHealthAuth" name="test_login_wrong_password" time="0.302" /><testcase classname="tests.test_iter6_live_api.TestHealthAuth" name="test_me" time="0.500" /><testcase classname="tests.test_iter6_live_api.TestHealthAuth" name="test_me_no_token" time="0.081" /><testcase classname="tests.test_iter6_live_api.TestHealthAuth" name="test_me_bad_token" time="0.079" /><testcase classname="tests.test_iter6_live_api.TestHealthAuth" name="test_register_new_user_and_duplicate" time="0.625" /><testcase classname="tests.test_iter6_live_api.TestAutomationConfig" name="test_get_config_has_required_fields" time="0.055" /><testcase classname="tests.test_iter6_live_api.TestAutomationConfig" name="test_config_requires_auth" time="0.079" /><testcase classname="tests.test_iter6_live_api.TestAutomationConfig" name="test_update_config_persists" time="0.170" /><testcase classname="tests.test_iter6_live_api.TestAutomationConfig" name="test_config_isolated_per_user" time="0.485" /><testcase classname="tests.test_iter6_live_api.TestAutomationConfig" name="test_update_config_invalid_mode_rejected" time="0.106" /><testcase classname="tests.test_iter6_live_api.TestAutomationRuntime" name="test_status" time="0.052" /><testcase classname="tests.test_iter6_live_api.TestAutomationRuntime" name="test_events" time="0.054" /><testcase classname="tests.test_iter6_live_api.TestAutomationRuntime" name="test_events_limit_validation" time="0.054" /><testcase classname="tests.test_iter6_live_api.TestAutomationRuntime" name="test_notifications" time="0.055" /><testcase classname="tests.test_iter6_live_api.TestAutomationRuntime" name="test_notifications_read_all" time="0.107" /><testcase classname="tests.test_iter6_live_api.TestAutomationRuntime" name="test_mark_read_unknown_id" time="0.055" /><testcase classname="tests.test_iter6_live_api.TestAutomationRuntime" name="test_start_without_usernames_returns_400" time="0.681" /><testcase classname="tests.test_iter6_live_api.TestAutomationRuntime" name="test_start_with_bot_username_then_stop" time="0.285" /><testcase classname="tests.test_iter6_live_api.TestAutomationRuntime" name="test_pause_resume_do_not_500" time="0.121" /><testcase classname="tests.test_iter6_live_api.TestTelegram" name="test_status" time="0.056" /><testcase classname="tests.test_iter6_live_api.TestTelegram" name="test_status_requires_auth" time="0.082" /><testcase classname="tests.test_iter6_live_api.TestTelegram" name="test_send_code_without_creds_no_500" time="0.471" /><testcase classname="tests.test_iter6_live_api.TestTelegram" name="test_invalid_phone_format" time="0.052" /><testcase classname="tests.test_iter6_live_api.TestAdmin" name="test_list_users" time="0.054" /><testcase classname="tests.test_iter6_live_api.TestAdmin" name="test_stats" time="0.054" /><testcase classname="tests.test_iter6_live_api.TestAdmin" name="test_non_admin_forbidden" time="0.421" /><testcase classname="tests.test_iter6_live_api.TestAdmin" name="test_update_user_plan" time="0.416" /><testcase classname="tests.test_iter7_config_persist" name="test_login_bad_password" time="0.360" /><testcase classname="tests.test_iter7_config_persist" name="test_me" time="0.371" /><testcase classname="tests.test_iter7_config_persist" name="test_config_get" time="0.077" /><testcase classname="tests.test_iter7_config_persist" name="test_config_put_persists" time="0.304" /><testcase classname="tests.test_iter7_config_persist" name="test_config_requires_auth" time="0.112" /><testcase classname="tests.test_iter7_config_persist" name="test_notifications_endpoint" time="0.075" /><testcase classname="tests.test_iter7_config_persist" name="test_status_endpoint" time="0.075" /><testcase classname="tests.test_iter8_multiaccount.TestAccountsList" name="test_list_autocreates_default_and_plan_meta" time="0.493" /><testcase classname="tests.test_iter8_multiaccount.TestAccountsList" name="test_requires_auth" time="0.143" /><testcase classname="tests.test_iter8_multiaccount.TestPlanLimit" name="test_create_up_to_limit_then_403" time="0.806" /><testcase classname="tests.test_iter8_multiaccount.TestPlanLimit" name="test_delete_account_and_verify_removal" time="0.877" /><testcase classname="tests.test_iter8_multiaccount.TestPlanLimit" name="test_delete_unknown_returns_404" time="0.117" /><testcase classname="tests.test_iter8_multiaccount.TestPlanLimit" name="test_cannot_delete_last_account" time="0.474" /><testcase classname="tests.test_iter8_multiaccount.TestIsolation" name="test_config_isolated_per_account" time="0.639" /><testcase classname="tests.test_iter8_multiaccount.TestIsolation" name="test_status_isolated_per_account" time="0.279" /><testcase classname="tests.test_iter8_multiaccount.TestIsolation" name="test_events_isolated_per_account" time="0.271" /><testcase classname="tests.test_iter8_multiaccount.TestIsolation" name="test_unknown_account_id_falls_back_to_default" time="0.365" /><testcase classname="tests.test_iter8_multiaccount.TestIsolation" name="test_cross_user_account_id_rejected" time="0.138" /><testcase classname="tests.test_iter8_multiaccount.TestLogRetention" name="test_elite_log_days_90" time="0.138" /><testcase classname="tests.test_iter8_multiaccount.TestLogRetention" name="test_log_days_follows_plan_change" time="2.640" /></testsuite></testsuites>