<?xml version="1.0" encoding="utf-8"?><testsuites name="pytest tests"><testsuite name="pytest" errors="0" failures="0" skipped="0" tests="7" time="2.040" timestamp="2026-08-28T09:56:45.814313+00:00" hostname="agent-env-b4fe4124-174e-46e5-87b4-d1cc952da2a5"><testcase classname="tests.test_iter7_config_persist" name="test_login_bad_password" time="0.594" /><testcase classname="tests.test_iter7_config_persist" name="test_me" time="0.331" /><testcase classname="tests.test_iter7_config_persist" name="test_config_get" time="0.056" /><testcase classname="tests.test_iter7_config_persist" name="test_config_put_persists" time="0.212" /><testcase classname="tests.test_iter7_config_persist" name="test_config_requires_auth" time="0.244" /><testcase classname="tests.test_iter7_config_persist" name="test_notifications_endpoint" time="0.051" /><testcase classname="tests.test_iter7_config_persist" name="test_status_endpoint" time="0.051" /></testsuite></testsuites>