<?xml version="1.0" encoding="utf-8"?><testsuites name="pytest tests"><testsuite name="pytest" errors="0" failures="0" skipped="0" tests="36" time="6.903" timestamp="2026-08-27T09:37:44.815279+00:00" hostname="agent-env-a778a06d-9ce8-45ab-be5d-235caae40879"><testcase classname="tests.test_bugfixes_iter2.TestAutomationRunnerPlumbing" name="test_runner_attributes_set_in_init" time="0.475" /><testcase classname="tests.backend_test.TestAutomation" name="test_get_config_default" time="0.443" /><testcase classname="tests.backend_test.TestAutomation" name="test_update_config" time="0.131" /><testcase classname="tests.test_bugfixes_iter2.TestAutomationRunnerPlumbing" name="test_wait_for_message_has_extend_on_active_kwarg" time="0.000" /><testcase classname="tests.test_bugfixes_iter2.TestAutomationRunnerPlumbing" name="test_resume_clears_verification_state" time="0.000" /><testcase classname="tests.test_bugfixes_iter2.TestAutomationRunnerPlumbing" name="test_handle_verification_no_click_and_debounce" time="0.001" /><testcase classname="tests.test_bugfixes_iter2.TestAutomationRunnerPlumbing" name="test_do_fishing_session_passes_extend_on_active" time="0.001" /><testcase classname="tests.test_bugfixes_iter2.TestAutomationRunnerPlumbing" name="test_cycle_group_passes_extend_on_active" time="0.001" /><testcase classname="tests.test_bugfixes_iter2.TestRegression" name="test_health" time="0.149" /><testcase classname="tests.backend_test.TestAutomation" name="test_status_default" time="0.045" /><testcase classname="tests.backend_test.TestAutomation" name="test_start_stop" time="5.280" /><testcase classname="tests.test_bugfixes_iter2.TestRegression" name="test_admin_login" time="0.318" /><testcase classname="tests.test_bugfixes_iter2.TestRegression" name="test_events_endpoint" time="0.339" /><testcase classname="tests.test_bugfixes_iter2.TestRegression" name="test_notifications_endpoint" time="0.056" /><testcase classname="tests.test_bugfixes_iter2.TestRegression" name="test_pause_resume" time="0.110" /><testcase classname="tests.backend_test.TestAdmin" name="test_admin_list_users" time="0.412" /><testcase classname="tests.backend_test.TestAdmin" name="test_admin_stats" time="0.051" /><testcase classname="tests.backend_test.TestAdmin" name="test_admin_update_user" time="0.325" /><testcase classname="tests.backend_test.TestAdmin" name="test_non_admin_forbidden" time="0.049" /><testcase classname="tests.backend_test.TestAuth" name="test_register_and_login" time="0.642" /><testcase classname="tests.backend_test.TestAuth" name="test_login_invalid" time="0.050" /><testcase classname="tests.backend_test.TestAuth" name="test_me_requires_auth" time="0.048" /><testcase classname="tests.backend_test.TestTelegram" name="test_status" time="0.050" /><testcase classname="tests.backend_test.TestTelegram" name="test_save_credentials" time="0.052" /><testcase classname="tests.backend_test.TestTelegram" name="test_send_code_without_creds_fails" time="0.325" /><testcase classname="tests.test_bugfixes_iter2.TestConfigNewFields" name="test_defaults_present" time="0.521" /><testcase classname="tests.test_bugfixes_iter2.TestConfigNewFields" name="test_default_patterns_functional" time="0.074" /><testcase classname="tests.test_bugfixes_iter2.TestConfigNewFields" name="test_put_persists_new_fields" time="0.223" /><testcase classname="tests.test_bugfixes_iter2.TestTelegramManagerHandlers" name="test_message_edited_handler_installed" time="0.001" /><testcase classname="tests.test_bugfixes_iter2.TestTelegramManagerHandlers" name="test_edited_handler_pushes_edited_type" time="0.002" /><testcase classname="tests.backend_test" name="test_health" time="0.046" /><testcase classname="tests.backend_test.TestAutomation" name="test_start_without_target_returns_400" time="0.393" /><testcase classname="tests.backend_test.TestAutomation" name="test_pause_resume" time="0.090" /><testcase classname="tests.backend_test.TestAutomation" name="test_events" time="0.045" /><testcase classname="tests.backend_test.TestAutomation" name="test_notifications" time="0.045" /><testcase classname="tests.backend_test.TestAutomation" name="test_mark_all_read" time="0.043" /></testsuite></testsuites>