<?xml version="1.0" encoding="utf-8"?><testsuites name="pytest tests"><testsuite name="pytest" errors="0" failures="1" skipped="0" tests="20" time="8.468" timestamp="2026-08-27T06:13:28.453218+00:00" hostname="agent-env-a778a06d-9ce8-45ab-be5d-235caae40879"><testcase classname="tests.backend_test.TestAdmin" name="test_admin_list_users" time="0.690" /><testcase classname="tests.backend_test.TestAdmin" name="test_admin_stats" time="0.044" /><testcase classname="tests.backend_test.TestAutomation" name="test_get_config_default" time="1.052" /><testcase classname="tests.backend_test.TestAdmin" name="test_admin_update_user" time="0.319" /><testcase classname="tests.backend_test.TestAutomation" name="test_update_config" time="0.674" /><testcase classname="tests.backend_test.TestAdmin" name="test_non_admin_forbidden" time="0.046" /><testcase classname="tests.backend_test.TestAuth" name="test_register_and_login" time="0.632" /><testcase classname="tests.backend_test.TestAutomation" name="test_status_default" time="0.121" /><testcase classname="tests.backend_test.TestAuth" name="test_login_invalid" time="0.044" /><testcase classname="tests.backend_test.TestAuth" name="test_me_requires_auth" time="0.042" /><testcase classname="tests.backend_test.TestTelegram" name="test_status" time="0.054"><failure message="assert 500 == 200&#10; +  where 500 = &lt;Response [500]&gt;.status_code">backend/tests/backend_test.py:159: in test_status
    assert r.status_code == 200
E   assert 500 == 200
E    +  where 500 = &lt;Response [500]&gt;.status_code</failure></testcase><testcase classname="tests.backend_test.TestAutomation" name="test_start_stop" time="5.144" /><testcase classname="tests.backend_test.TestTelegram" name="test_save_credentials" time="0.115" /><testcase classname="tests.backend_test.TestTelegram" name="test_send_code_without_creds_fails" time="0.326" /><testcase classname="tests.backend_test" name="test_health" time="0.044" /><testcase classname="tests.backend_test.TestAutomation" name="test_start_without_target_returns_400" time="0.600" /><testcase classname="tests.backend_test.TestAutomation" name="test_pause_resume" time="0.111" /><testcase classname="tests.backend_test.TestAutomation" name="test_events" time="0.105" /><testcase classname="tests.backend_test.TestAutomation" name="test_notifications" time="0.066" /><testcase classname="tests.backend_test.TestAutomation" name="test_mark_all_read" time="0.065" /></testsuite></testsuites>